[Licensing::Module] Trying to connect to existing licensing client channel...
Built from '6000.4/staging' branch; Version is '6000.4.0f1 (8cf496087c8f) revision 9237654'; Using compiler version '194234433'; Build Type 'Release'
OS: 'Windows 10  (10.0.19045) 64bit Enterprise' Language: 'en' Physical Memory: 32689 MB
BatchMode: 1, IsHumanControllingUs: 0, StartBugReporterOnCrash: 0, Is64bit: 1
[Licensing::IpcConnector] Successfully connected to: "LicenseClient-Boulder-VR" at "2026-06-04T07:01:30.5657755Z"
System  architecture: x64
Process architecture: x64
Date: 2026-06-04T07:01:30Z

COMMAND LINE ARGUMENTS:
C:\Program Files\Unity\Hub\Editor\6000.4.0f1\Editor\Unity.exe
-adb2
-batchMode
-noUpm
-name
AssetImportWorker5
-projectPath
C:/Users/Boulder-VR/Desktop/_cloud/GitHub/CinderellaCityProject_Unity6/CinderellaCitySimulation
-logFile
Logs/AssetImportWorker5.log
-srvPort
60048
-licensingIpc
LicenseClient-Boulder-VR
-force-d3d12
-job-worker-count
19
-background-job-worker-count
8
-gc-helper-count
1
-name
AssetImport
Successfully changed project path to: C:/Users/Boulder-VR/Desktop/_cloud/GitHub/CinderellaCityProject_Unity6/CinderellaCitySimulation
C:/Users/Boulder-VR/Desktop/_cloud/GitHub/CinderellaCityProject_Unity6/CinderellaCitySimulation
[UnityMemory] Configuration Parameters - Can be set up in boot.config
    "memorysetup-temp-allocator-size-gi-baking-worker=262144"
    "memorysetup-temp-allocator-size-gi-baking-worker=262144"
    "memorysetup-temp-allocator-size-gi-baking-worker=262144"
    "memorysetup-temp-allocator-size-gi-baking-worker=262144"
    "memorysetup-temp-allocator-size-gi-baking-worker=262144"
    "memorysetup-temp-allocator-size-nav-mesh-worker=65536"
    "memorysetup-temp-allocator-size-audio-worker=65536"
    "memorysetup-temp-allocator-size-cloud-worker=32768"
    "memorysetup-temp-allocator-size-gfx=262144"
    "memorysetup-temp-allocator-size-preload-manager=33554432"
    "memorysetup-temp-allocator-size-job-worker=262144"
    "memorysetup-temp-allocator-size-background-worker=32768"
    "memorysetup-allocator-temp-initial-block-size-main=262144"
    "memorysetup-allocator-temp-initial-block-size-worker=262144"
    "memorysetup-bucket-allocator-granularity=16"
    "memorysetup-bucket-allocator-bucket-count=8"
    "memorysetup-bucket-allocator-block-size=33554432"
    "memorysetup-bucket-allocator-block-count=8"
    "memorysetup-main-allocator-block-size=16777216"
    "memorysetup-thread-allocator-block-size=16777216"
    "memorysetup-gfx-main-allocator-block-size=16777216"
    "memorysetup-gfx-thread-allocator-block-size=16777216"
    "memorysetup-cache-allocator-block-size=4194304"
    "memorysetup-typetree-allocator-block-size=2097152"
    "memorysetup-profiler-bucket-allocator-granularity=16"
    "memorysetup-profiler-bucket-allocator-bucket-count=8"
    "memorysetup-profiler-bucket-allocator-block-size=33554432"
    "memorysetup-profiler-bucket-allocator-block-count=8"
    "memorysetup-profiler-allocator-block-size=16777216"
    "memorysetup-profiler-editor-allocator-block-size=1048576"
    "memorysetup-temp-allocator-size-main=16777216"
    "memorysetup-job-temp-allocator-block-size=2097152"
    "memorysetup-job-temp-allocator-block-size-background=1048576"
    "memorysetup-job-temp-allocator-reduction-small-platforms=262144"
Player connection [22932]  Target information:

Player connection [22932]  * "[IP] 192.168.1.217 [Port] 0 [Flags] 2 [Guid] 3082041063 [EditorId] 3082041063 [Version] 1048832 [Id] WindowsEditor(7,DESKTOP-UC90R3D) [Debug] 1 [PackageName] WindowsEditor [ProjectName] Editor" 

Player connection [22932] Host joined multi-casting on [225.0.0.222:54997]...
Player connection [22932] Host joined alternative multi-casting on [225.0.0.222:34997]...
JobSystem: Creating JobQueue using job-worker-count value 19
Input System module state changed to: Initialized.
[Physics::Module] Initialized fallback backend.
[Physics::Module] Id: 0xdecafbad
Library Redirect Path: Library/
[Physics::Module] Selected backend.
[Physics::Module] Name: PhysX
[Physics::Module] Id: 0xf2b8ea05
[Physics::Module] SDK Version: 4.1.2
[Physics::Module] Integration Version: 1.0.0
[Physics::Module] Threading Mode: Multi-Threaded
Refreshing native plugins compatible for Editor in 11.63 ms, found 2 plugins.
Initialize engine version: 6000.4.0f1 (8cf496087c8f)
[Subsystems] Discovering subsystems at path C:/Program Files/Unity/Hub/Editor/6000.4.0f1/Editor/Data/Resources/UnitySubsystems
[Subsystems] Discovering subsystems at path C:/Users/Boulder-VR/Desktop/_cloud/GitHub/CinderellaCityProject_Unity6/CinderellaCitySimulation/Assets
Forcing GfxDevice: Direct3D 12
GfxDevice: creating device client; kGfxThreadingModeNonThreaded
d3d12: failed to query info queue interface (0x80004002).
Direct3D:
    Version:         Direct3D 12 [level 12.1]
    Renderer:        NVIDIA GeForce GTX 1080 (ID=0x1b80)
    Vendor:          NVIDIA
    VRAM:            8059 MB
    App VRAM Budget: 7291 MB
    Driver:          32.0.15.6636
[Licensing::Client] Error: HandshakeResponse reported an error:
	ResponseCode: 505
	ResponseStatus: Unsupported protocol version '1.18.1'.
[Licensing::Module] Error: Failed to handshake to channel: "LicenseClient-Boulder-VR"
[Licensing::IpcConnector] LicenseClient-Boulder-VR channel disconnected successfully.
[Licensing::IpcConnector] Successfully connected to: "LicenseClient-Boulder-VR-6000.4.0" at "2026-06-04T07:01:33.6192062Z"
Initialize mono
Mono path[0] = 'C:/Program Files/Unity/Hub/Editor/6000.4.0f1/Editor/Data/Managed'
Mono path[1] = 'C:/Program Files/Unity/Hub/Editor/6000.4.0f1/Editor/Data/MonoBleedingEdge/lib/mono/unityjit-win32'
Mono config path = 'C:/Program Files/Unity/Hub/Editor/6000.4.0f1/Editor/Data/MonoBleedingEdge/etc'
Using monoOptions --debugger-agent=transport=dt_socket,embedding=1,server=y,suspend=n,address=127.0.0.1:56676
CodeReloadManager initialized
[Licensing::Client] Handshaking with LicensingClient:
  Version:                 1.18.1+9fbee8e
  Session Id:              f31e496056bf41c7bc16c1c2b89a0347
  Correlation Id:          91604656144424b752f53f8170a3eee9
  External correlation Id: 6752091822306858216
  Machine Id:              nzoQQWsMwFXkfPkeVZc+YYGv80A=
[Licensing::Module] Successfully connected to LicensingClient on channel: "LicenseClient-Boulder-VR-6000.4.0" (connect: 0.01s, validation: 0.00s, handshake: 4.24s)
[Licensing::IpcConnector] Successfully connected to: "LicenseClient-Boulder-VR-6000.4.0-notifications" at "2026-06-04T07:01:37.8680133Z"
[Licensing::Module] Licensing Background thread has ended after 7.30s
Begin MonoManager ReloadAssembly
Registering precompiled unity dll's ...
Register platform support module: C:/Program Files/Unity/Hub/Editor/6000.4.0f1/Editor/Data/PlaybackEngines/MacStandaloneSupport/UnityEditor.OSXStandalone.Extensions.dll
Register platform support module: C:/Program Files/Unity/Hub/Editor/6000.4.0f1/Editor/Data/PlaybackEngines/WindowsStandaloneSupport/UnityEditor.WindowsStandalone.Extensions.dll
Registered in 0.580711 seconds.
Native extension for WindowsStandalone target not found
Native extension for OSXStandalone target not found
Package Manager log level set to [2]
[Package Manager] Failed to launch server process. Reason: Unity was launched with the -noUpm command-line argument
[Package Manager] Unable to send message (not connected to server process).
[Package Manager] Cannot connect to Unity Package Manager local server
ScheduleIndexationOnStartup MainProcess:False IndexOnStartup:True
Mono: successfully reloaded assembly
- Finished resetting the current domain, in  1.199 seconds
Domain Reload Profiling: 2956ms
	BeginReloadAssembly (298ms)
		CreateAndSetChildDomain (9ms)
	RebuildCommonClasses (98ms)
	RebuildNativeTypeToScriptingClass (27ms)
	initialDomainReloadingComplete (744ms)
	LoadAllAssembliesAndSetupDomain (588ms)
		LoadAssemblies (295ms)
		AnalyzeDomain (550ms)
			TypeCache.Refresh (548ms)
				TypeCache.ScanAssembly (520ms)
	FinalizeReload (1202ms)
		SetupLoadedEditorAssemblies (0ms)
			InitializePlatformSupportModulesInManaged (394ms)
			BeforeProcessingInitializeOnLoad (154ms)
			ProcessInitializeOnLoadAttributes (238ms)
			ProcessInitializeOnLoadMethodAttributes (230ms)
========================================================================
Worker process is ready to serve import requests
Import Worker Mode flag is 0x00
Begin MonoManager ReloadAssembly
[Licensing::Client] Successfully resolved entitlement details
[Licensing::Module] License group:
  Id: F4-J6YX-KHFT-CZRA-4X5Z-XXXX
  Product: Unity Personal
  Type: ULF
  Expiration: Unlimited
[Licensing::Module] License group:
  Id: 2473931900003-UnityPersXXXX
  Product: Unity Personal
  Type: Assigned
  Expiration: Unlimited
Assembly DocCodeExamples.dll at Library/ScriptAssemblies/DocCodeExamples.dll not valid. Loading of assembly skipped.
Assembly TestNewCustomAssembly.dll at Library/ScriptAssemblies/TestNewCustomAssembly.dll not valid. Loading of assembly skipped.
Assembly Unity.2D.Sprite.Package.EditorTests.dll at Library/ScriptAssemblies/Unity.2D.Sprite.Package.EditorTests.dll not valid. Loading of assembly skipped.
Assembly Unity.2D.Tilemap.Package.EditorTests.dll at Library/ScriptAssemblies/Unity.2D.Tilemap.Package.EditorTests.dll not valid. Loading of assembly skipped.
Assembly Unity.Analytics.DataPrivacy.Tests.dll at Library/ScriptAssemblies/Unity.Analytics.DataPrivacy.Tests.dll not valid. Loading of assembly skipped.
Assembly Unity.Analytics.StandardEvents.EditorTests.dll at Library/ScriptAssemblies/Unity.Analytics.StandardEvents.EditorTests.dll not valid. Loading of assembly skipped.
Assembly Unity.Collections.BurstCompatibilityGen.dll at Library/ScriptAssemblies/Unity.Collections.BurstCompatibilityGen.dll not valid. Loading of assembly skipped.
Assembly Unity.Collections.DocCodeSamples.dll at Library/ScriptAssemblies/Unity.Collections.DocCodeSamples.dll not valid. Loading of assembly skipped.
Assembly Unity.Collections.PerformanceTests.dll at Library/ScriptAssemblies/Unity.Collections.PerformanceTests.dll not valid. Loading of assembly skipped.
Assembly Unity.Collections.Tests.dll at Library/ScriptAssemblies/Unity.Collections.Tests.dll not valid. Loading of assembly skipped.
Assembly Unity.Collections.Tests.Playmode.dll at Library/ScriptAssemblies/Unity.Collections.Tests.Playmode.dll not valid. Loading of assembly skipped.
Assembly Unity.InputSystem.IntegrationTests.dll at Library/ScriptAssemblies/Unity.InputSystem.IntegrationTests.dll not valid. Loading of assembly skipped.
Assembly Unity.Mathematics.Tests.dll at Library/ScriptAssemblies/Unity.Mathematics.Tests.dll not valid. Loading of assembly skipped.
Assembly Unity.Multiplayer.Center.Editor.Tests.dll at Library/ScriptAssemblies/Unity.Multiplayer.Center.Editor.Tests.dll not valid. Loading of assembly skipped.
Assembly Unity.Multiplayer.Center.Tests.dll at Library/ScriptAssemblies/Unity.Multiplayer.Center.Tests.dll not valid. Loading of assembly skipped.
Assembly Unity.Nuget.Mono-Cecil.dll at Library/ScriptAssemblies/Unity.Nuget.Mono-Cecil.dll not valid. Loading of assembly skipped.
Assembly Unity.PathTracing.Editor.Tests.dll at Library/ScriptAssemblies/Unity.PathTracing.Editor.Tests.dll not valid. Loading of assembly skipped.
Assembly Unity.PathTracing.Runtime.Tests.dll at Library/ScriptAssemblies/Unity.PathTracing.Runtime.Tests.dll not valid. Loading of assembly skipped.
Assembly Unity.Postprocessing.Editor.Tests.dll at Library/ScriptAssemblies/Unity.Postprocessing.Editor.Tests.dll not valid. Loading of assembly skipped.
Assembly Unity.Postprocessing.Runtime.Tests.dll at Library/ScriptAssemblies/Unity.Postprocessing.Runtime.Tests.dll not valid. Loading of assembly skipped.
Assembly Unity.RenderPipelines.Core.Editor.Tests.dll at Library/ScriptAssemblies/Unity.RenderPipelines.Core.Editor.Tests.dll not valid. Loading of assembly skipped.
Assembly Unity.RenderPipelines.Core.Runtime.Tests.dll at Library/ScriptAssemblies/Unity.RenderPipelines.Core.Runtime.Tests.dll not valid. Loading of assembly skipped.
Assembly Unity.RenderPipelines.HighDefinition.Editor.Tests.dll at Library/ScriptAssemblies/Unity.RenderPipelines.HighDefinition.Editor.Tests.dll not valid. Loading of assembly skipped.
Assembly Unity.RenderPipelines.HighDefinition.Runtime.Tests.dll at Library/ScriptAssemblies/Unity.RenderPipelines.HighDefinition.Runtime.Tests.dll not valid. Loading of assembly skipped.
Assembly Unity.RenderPipelines.HighDefinitionConfig.Editor.Tests.dll at Library/ScriptAssemblies/Unity.RenderPipelines.HighDefinitionConfig.Editor.Tests.dll not valid. Loading of assembly skipped.
Assembly Unity.Searcher.EditorTests.dll at Library/ScriptAssemblies/Unity.Searcher.EditorTests.dll not valid. Loading of assembly skipped.
Assembly Unity.ShaderGraph.Editor.Tests.dll at Library/ScriptAssemblies/Unity.ShaderGraph.Editor.Tests.dll not valid. Loading of assembly skipped.
Assembly Unity.TextMeshPro.Editor.Tests.dll at Library/ScriptAssemblies/Unity.TextMeshPro.Editor.Tests.dll not valid. Loading of assembly skipped.
Assembly Unity.TextMeshPro.Tests.dll at Library/ScriptAssemblies/Unity.TextMeshPro.Tests.dll not valid. Loading of assembly skipped.
Assembly Unity.UnifiedRayTracing.Editor.Tests.dll at Library/ScriptAssemblies/Unity.UnifiedRayTracing.Editor.Tests.dll not valid. Loading of assembly skipped.
Assembly Unity.VisualEffectGraph.Editor.Tests.dll at Library/ScriptAssemblies/Unity.VisualEffectGraph.Editor.Tests.dll not valid. Loading of assembly skipped.
Assembly Unity.VisualEffectGraph.Runtime.Tests.dll at Library/ScriptAssemblies/Unity.VisualEffectGraph.Runtime.Tests.dll not valid. Loading of assembly skipped.
Assembly UnityEditor.UI.Common.Tests.dll at Library/ScriptAssemblies/UnityEditor.UI.Common.Tests.dll not valid. Loading of assembly skipped.
Assembly UnityEditor.UI.EditorTests.dll at Library/ScriptAssemblies/UnityEditor.UI.EditorTests.dll not valid. Loading of assembly skipped.
Assembly UnityEditor.XR.LegacyInputHelpers.Tests.dll at Library/ScriptAssemblies/UnityEditor.XR.LegacyInputHelpers.Tests.dll not valid. Loading of assembly skipped.
Assembly UnityEngine.Advertisements.Editor.Tests.dll at Library/ScriptAssemblies/UnityEngine.Advertisements.Editor.Tests.dll not valid. Loading of assembly skipped.
Assembly UnityEngine.Advertisements.Tests.dll at Library/ScriptAssemblies/UnityEngine.Advertisements.Tests.dll not valid. Loading of assembly skipped.
Assembly UnityEngine.Purchasing.Apple.dll at Library/ScriptAssemblies/UnityEngine.Purchasing.Apple.dll not valid. Loading of assembly skipped.
Assembly UnityEngine.Purchasing.AppleMacos.dll at Library/ScriptAssemblies/UnityEngine.Purchasing.AppleMacos.dll not valid. Loading of assembly skipped.
Assembly UnityEngine.Purchasing.Security.dll at Library/ScriptAssemblies/UnityEngine.Purchasing.Security.dll not valid. Loading of assembly skipped.
Assembly UnityEngine.Purchasing.WinRT.dll at Library/ScriptAssemblies/UnityEngine.Purchasing.WinRT.dll not valid. Loading of assembly skipped.
Assembly UnityEngine.SpatialTracking.Tests.dll at Library/ScriptAssemblies/UnityEngine.SpatialTracking.Tests.dll not valid. Loading of assembly skipped.
Assembly UnityEngine.UI.Tests.dll at Library/ScriptAssemblies/UnityEngine.UI.Tests.dll not valid. Loading of assembly skipped.
Symbol file LoadedFromMemory is not a mono symbol file
Refreshing native plugins compatible for Editor in 7.83 ms, found 2 plugins.
Native extension for WindowsStandalone target not found
Native extension for OSXStandalone target not found
[Package Manager] Failed to launch server process. Reason: Unity was launched with the -noUpm command-line argument
[Package Manager] Unable to send message (not connected to server process).
[Package Manager] Cannot connect to Unity Package Manager local server
Refreshing native plugins compatible for Editor in 7.61 ms, found 2 plugins.
Updated version to: 0.8.2.20260604
UnityEngine.Debug:ExtractStackTraceNoAlloc (byte*,int,string)
UnityEngine.StackTraceUtility:ExtractStackTrace ()
UnityEngine.DebugLogHandler:Internal_Log (UnityEngine.LogType,UnityEngine.LogOption,string,UnityEngine.Object)
UnityEngine.DebugLogHandler:LogFormat (UnityEngine.LogType,UnityEngine.Object,string,object[])
UnityEngine.Logger:Log (UnityEngine.LogType,object)
UnityEngine.Debug:Log (object)
VersionUpdater:.cctor () (at Assets/Scripts/Editor/UpdateVersion.cs:22)
System.Runtime.CompilerServices.RuntimeHelpers:RunClassConstructor (System.RuntimeTypeHandle)
UnityEditor.EditorAssemblies:ProcessInitializeOnLoadAttributes (System.Type[])

(Filename: Assets/Scripts/Editor/UpdateVersion.cs Line: 22)

[Package Manager] Failed to launch server process. Reason: Unity was launched with the -noUpm command-line argument
[Package Manager] Unable to send message (not connected to server process).
[Package Manager] Cannot connect to Unity Package Manager local server
ScheduleIndexationOnStartup MainProcess:False IndexOnStartup:True
Mono: successfully reloaded assembly
- Finished resetting the current domain, in  2.312 seconds
Domain Reload Profiling: 32144ms
	BeginReloadAssembly (343ms)
		DisableScriptedObjects (11ms)
		CreateAndSetChildDomain (53ms)
	RebuildCommonClasses (80ms)
	RebuildNativeTypeToScriptingClass (27ms)
	initialDomainReloadingComplete (21380ms)
	LoadAllAssembliesAndSetupDomain (8001ms)
		LoadAssemblies (7580ms)
		AnalyzeDomain (603ms)
			TypeCache.Refresh (401ms)
				TypeCache.ScanAssembly (369ms)
			BuildScriptInfoCaches (177ms)
			ResolveRequiredComponents (20ms)
	FinalizeReload (2313ms)
		SetupLoadedEditorAssemblies (0ms)
			InitializePlatformSupportModulesInManaged (4ms)
			BeforeProcessingInitializeOnLoad (275ms)
			ProcessInitializeOnLoadAttributes (648ms)
			ProcessInitializeOnLoadMethodAttributes (1095ms)
			AfterProcessingInitializeOnLoad (14ms)
		AwakeInstancesAfterBackupRestoration (11ms)
Launched and connected shader compiler UnityShaderCompiler.exe after 0.03 seconds
Refreshing native plugins compatible for Editor in 10.28 ms, found 2 plugins.
Unloading 42 Unused Serialized files (Serialized files now loaded: 0)
Unloading 7330 unused Assets / (8.1 MB). Loaded Objects now: 8474.
Memory consumption went from 282.0 MB to 273.9 MB.
Total: 21.942800 ms (FindLiveObjects: 1.274100 ms CreateObjectMapping: 1.075400 ms MarkObjects: 14.480700 ms  DeleteObjects: 5.109300 ms)

========================================================================
Received Import Request.
  Time since last request: 4163743.470378 seconds.
  path: Assets/3rdParty/TreesVariety/oak/oak_tex_SOURCE/bark 2 gloss.psd
  importAddress: Guid(a5498005d8dd4764abe16a15444b4f86) Importer(815301076,1909f56bfc062723c751e8b465ee728b)
Start importing Assets/3rdParty/TreesVariety/oak/oak_tex_SOURCE/bark 2 gloss.psd using Guid(a5498005d8dd4764abe16a15444b4f86) Importer(815301076,1909f56bfc062723c751e8b465ee728b) (PreviewImporter) -> (Import Result ID: '496a682162622172fbda087e868c3745') in 0.7895677 seconds [static and dynamic dependencies]. Details - ImportResultOutputID=9bac2c7e7e67343c9e9ad091c617a9ae DependenciesID=702ca07bf0c06d520a1600529c155118 StaticDependenciesID=c8740e8ee616651220f6528e99623591 
Number of updated asset objects reloaded before import = 0Number of asset objects unloaded after import = 2

========================================================================
Received Import Request.
  Time since last request: 0.000046 seconds.
  path: Assets/3rdParty/TreesVariety/bush/bush_tex_SOURCE/leaf 4 gloss.psd
  importAddress: Guid(9082889318a32fb4a9491a9d38347e4d) Importer(815301076,1909f56bfc062723c751e8b465ee728b)
Start importing Assets/3rdParty/TreesVariety/bush/bush_tex_SOURCE/leaf 4 gloss.psd using Guid(9082889318a32fb4a9491a9d38347e4d) Importer(815301076,1909f56bfc062723c751e8b465ee728b) (PreviewImporter) -> (Import Result ID: 'a364231075095fa569fd105097bba772') in 0.045261 seconds [static and dynamic dependencies]. Details - ImportResultOutputID=0bb57162f30d0e383f4d7577b1c60487 DependenciesID=fd2afc63714aef74b03e1d67147c4e06 StaticDependenciesID=fee7403d2a9d65502dd601ae862a5178 
Number of updated asset objects reloaded before import = 0Number of asset objects unloaded after import = 2

========================================================================
Received Import Request.
  Time since last request: 0.000043 seconds.
  path: Assets/3rdParty/TreesVariety/bush/bush_tex_SOURCE/leaf 3 gloss.psd
  importAddress: Guid(b702cf1b05ce3cc43ab57ae855791baf) Importer(815301076,1909f56bfc062723c751e8b465ee728b)
Start importing Assets/3rdParty/TreesVariety/bush/bush_tex_SOURCE/leaf 3 gloss.psd using Guid(b702cf1b05ce3cc43ab57ae855791baf) Importer(815301076,1909f56bfc062723c751e8b465ee728b) (PreviewImporter) -> (Import Result ID: '4867936a13e36d44b5cec9d6d94d5c7c') in 0.0326161 seconds [static and dynamic dependencies]. Details - ImportResultOutputID=a685d354ec6deb2691da849ba03f6f51 DependenciesID=5e857063717040a91cda7a7f1875761f StaticDependenciesID=4376791ece68a129598f63f43a33d184 
Number of updated asset objects reloaded before import = 0Number of asset objects unloaded after import = 2

========================================================================
Received Import Request.
  Time since last request: 0.000025 seconds.
  path: Assets/3rdParty/TreesVariety/rose bush/rose B2_Textures/translucency_gloss.png
  importAddress: Guid(98f8e48f635a12743a5af1b75645003f) Importer(815301076,1909f56bfc062723c751e8b465ee728b)
Start importing Assets/3rdParty/TreesVariety/rose bush/rose B2_Textures/translucency_gloss.png using Guid(98f8e48f635a12743a5af1b75645003f) Importer(815301076,1909f56bfc062723c751e8b465ee728b) (PreviewImporter) -> (Import Result ID: '0e38452c8d17aeb81ce43e7fcd4f0a74') in 0.1643426 seconds [static and dynamic dependencies]. Details - ImportResultOutputID=beb62eedf656411a93f93a3692996bfd DependenciesID=f13f2af0e994a1c22d4c097a9cb2960e StaticDependenciesID=b6972e05307bb88c96d328f9ab788ba3 
Number of updated asset objects reloaded before import = 0Number of asset objects unloaded after import = 2

========================================================================
Received Import Request.
  Time since last request: 0.000077 seconds.
  path: Assets/FBX/Experimental/experimental-lightbleed-testing/Materials/store - black glossy_MaskMap.png
  importAddress: Guid(60f8c5ac75a87504ab91b4c5c23fe575) Importer(815301076,1909f56bfc062723c751e8b465ee728b)
Start importing Assets/FBX/Experimental/experimental-lightbleed-testing/Materials/store - black glossy_MaskMap.png using Guid(60f8c5ac75a87504ab91b4c5c23fe575) Importer(815301076,1909f56bfc062723c751e8b465ee728b) (PreviewImporter) -> (Import Result ID: 'c855bdb52d08e80b30d17e761489a5ee') in 0.0154541 seconds [static and dynamic dependencies]. Details - ImportResultOutputID=485fcc19bdc74b81a66a6fd2fe7be7af DependenciesID=f3ecb7183e339e14fd16e8713e70d446 StaticDependenciesID=c87863da5172c49a5bcbb8a4cac1a9b1 
Number of updated asset objects reloaded before import = 0Number of asset objects unloaded after import = 2

========================================================================
Received Import Request.
  Time since last request: 0.000038 seconds.
  path: Assets/FBX/80s-90s/mall-doors-windows-interior/Materials/store - black glossy_MaskMap.png
  importAddress: Guid(4804a309adfe49e48b885355370d694b) Importer(815301076,1909f56bfc062723c751e8b465ee728b)
Start importing Assets/FBX/80s-90s/mall-doors-windows-interior/Materials/store - black glossy_MaskMap.png using Guid(4804a309adfe49e48b885355370d694b) Importer(815301076,1909f56bfc062723c751e8b465ee728b) (PreviewImporter) -> (Import Result ID: '18d7afa31767b72afb74c6e8d4f314a7') in 0.0092248 seconds [static and dynamic dependencies]. Details - ImportResultOutputID=13f4d740ac024426752979a5aff96c79 DependenciesID=70fed7edf8adff0fe2540a85b74faff4 StaticDependenciesID=f432d6c6b4cd9a635f58e5ec6334a128 
Number of updated asset objects reloaded before import = 0Number of asset objects unloaded after import = 2

========================================================================
Received Import Request.
  Time since last request: 0.000042 seconds.
  path: Assets/3rdParty/TreesVariety/oak/oak 6_Textures/translucency_gloss.png
  importAddress: Guid(6f0f3d21cb0b50244bff2ac93e4d3d48) Importer(815301076,1909f56bfc062723c751e8b465ee728b)
Start importing Assets/3rdParty/TreesVariety/oak/oak 6_Textures/translucency_gloss.png using Guid(6f0f3d21cb0b50244bff2ac93e4d3d48) Importer(815301076,1909f56bfc062723c751e8b465ee728b) (PreviewImporter) -> (Import Result ID: '7a3f3b1e5b3c7afa1471af7d5caf46e9') in 0.0286566 seconds [static and dynamic dependencies]. Details - ImportResultOutputID=b45925415d3d106c3cab20931ff4b7f4 DependenciesID=2d88d96f6ca82d7aca32faec4bd9b18d StaticDependenciesID=9e4d6acbcf5f6359a2f1a77f3a0698cb 
Number of updated asset objects reloaded before import = 0Number of asset objects unloaded after import = 2

========================================================================
Received Import Request.
  Time since last request: 0.000031 seconds.
  path: Assets/3rdParty/TreesVariety/cypress/cypress 1_Textures/translucency_gloss.png
  importAddress: Guid(28a83d592d8b4f644aba55abe2a26db6) Importer(815301076,1909f56bfc062723c751e8b465ee728b)
Start importing Assets/3rdParty/TreesVariety/cypress/cypress 1_Textures/translucency_gloss.png using Guid(28a83d592d8b4f644aba55abe2a26db6) Importer(815301076,1909f56bfc062723c751e8b465ee728b) (PreviewImporter) -> (Import Result ID: '3f5cdf514cf4a20097fb936019c21200') in 0.025241 seconds [static and dynamic dependencies]. Details - ImportResultOutputID=f2d174479322303543443a4ab42cbb2c DependenciesID=430e76d4de9698f0565cd68dfa4bcbbd StaticDependenciesID=87ecfd67af93ef75bc38dc7ace655240 
Number of updated asset objects reloaded before import = 0Number of asset objects unloaded after import = 2

========================================================================
Received Import Request.
  Time since last request: 0.000049 seconds.
  path: Assets/3rdParty/TreesVariety/linden based/linden based 3_Textures/translucency_gloss.png
  importAddress: Guid(4f2c46429dd33684b85809e2baef969a) Importer(815301076,1909f56bfc062723c751e8b465ee728b)
Start importing Assets/3rdParty/TreesVariety/linden based/linden based 3_Textures/translucency_gloss.png using Guid(4f2c46429dd33684b85809e2baef969a) Importer(815301076,1909f56bfc062723c751e8b465ee728b) (PreviewImporter) -> (Import Result ID: '268cb8015a47f3fc0803b58d0901e0d3') in 0.0299141 seconds [static and dynamic dependencies]. Details - ImportResultOutputID=6b931eb0f0600d9b51de615864236d0d DependenciesID=d8ba493128f95c3b7472f27445f08f84 StaticDependenciesID=3a97a0eefd5f9690851cfa0fca2ad0d6 
Number of updated asset objects reloaded before import = 0Number of asset objects unloaded after import = 2

========================================================================
Received Import Request.
  Time since last request: 0.000043 seconds.
  path: Assets/3rdParty/TreesVariety/rose bush/rose B1_Textures/translucency_gloss.png
  importAddress: Guid(d8c10d9afc8453441837906a9dca3812) Importer(815301076,1909f56bfc062723c751e8b465ee728b)
Start importing Assets/3rdParty/TreesVariety/rose bush/rose B1_Textures/translucency_gloss.png using Guid(d8c10d9afc8453441837906a9dca3812) Importer(815301076,1909f56bfc062723c751e8b465ee728b) (PreviewImporter) -> (Import Result ID: 'e32e79a698ff8d98e6b7ecab8fbe3f9b') in 0.0841339 seconds [static and dynamic dependencies]. Details - ImportResultOutputID=359f5ff92c2dcd727389bc3fa10805b7 DependenciesID=1563dc2ffdd0eae965976146599a5a3a StaticDependenciesID=f75717d036b0445764929569d1a2be52 
Number of updated asset objects reloaded before import = 0Number of asset objects unloaded after import = 2

========================================================================
Received Import Request.
  Time since last request: 0.000064 seconds.
  path: Assets/3rdParty/TreesVariety/bush/bush_tex_SOURCE/leaf 5 gloss.psd
  importAddress: Guid(39f80ac182e35a843b659fd265a34c8c) Importer(815301076,1909f56bfc062723c751e8b465ee728b)
Start importing Assets/3rdParty/TreesVariety/bush/bush_tex_SOURCE/leaf 5 gloss.psd using Guid(39f80ac182e35a843b659fd265a34c8c) Importer(815301076,1909f56bfc062723c751e8b465ee728b) (PreviewImporter) -> (Import Result ID: '021e8620f79fd9a387956748875a0d11') in 0.0265185 seconds [static and dynamic dependencies]. Details - ImportResultOutputID=5c477c39d2ac3f77c0a2e0b745631f41 DependenciesID=b9620ba62d1e996f85a43c5128834b45 StaticDependenciesID=0b07c8a45ba9d26b9735e22498152e87 
Number of updated asset objects reloaded before import = 0Number of asset objects unloaded after import = 2

========================================================================
Received Import Request.
  Time since last request: 0.000041 seconds.
  path: Assets/3rdParty/TreesVariety/maple/maple 4_Textures/translucency_gloss.png
  importAddress: Guid(3397ce75e4012324c9f6a69a48460679) Importer(815301076,1909f56bfc062723c751e8b465ee728b)
Start importing Assets/3rdParty/TreesVariety/maple/maple 4_Textures/translucency_gloss.png using Guid(3397ce75e4012324c9f6a69a48460679) Importer(815301076,1909f56bfc062723c751e8b465ee728b) (PreviewImporter) -> (Import Result ID: 'c86688b68ff8e1a380d369980d4b6f4c') in 0.0251147 seconds [static and dynamic dependencies]. Details - ImportResultOutputID=1fcacf157995b69a676b397eeeb083ee DependenciesID=ff789b9f41436861045359934943fb60 StaticDependenciesID=c18685ed1802a077a511237284153851 
Number of updated asset objects reloaded before import = 0Number of asset objects unloaded after import = 2

========================================================================
Received Import Request.
  Time since last request: 0.000044 seconds.
  path: Assets/3rdParty/TreesVariety/plants/wheat_plant 1_Textures/translucency_gloss.png
  importAddress: Guid(30fa7740019db424591cf190cbd5724a) Importer(815301076,1909f56bfc062723c751e8b465ee728b)
Start importing Assets/3rdParty/TreesVariety/plants/wheat_plant 1_Textures/translucency_gloss.png using Guid(30fa7740019db424591cf190cbd5724a) Importer(815301076,1909f56bfc062723c751e8b465ee728b) (PreviewImporter) -> (Import Result ID: 'bfde0c084e384d8d9b2fdf63ce1b6d42') in 0.0258936 seconds [static and dynamic dependencies]. Details - ImportResultOutputID=76e0617331175039b1ed50e32dbeff6c DependenciesID=7a2b46a9aadd98dec81273372917d92a StaticDependenciesID=143e98d05d478fb19ee950307a4b1a9b 
Number of updated asset objects reloaded before import = 0Number of asset objects unloaded after import = 2

========================================================================
Received Import Request.
  Time since last request: 0.000043 seconds.
  path: Assets/3rdParty/TreesVariety/oak/oak 8_Textures/translucency_gloss.png
  importAddress: Guid(a4857030397590544b9564c83404ec65) Importer(815301076,1909f56bfc062723c751e8b465ee728b)
Start importing Assets/3rdParty/TreesVariety/oak/oak 8_Textures/translucency_gloss.png using Guid(a4857030397590544b9564c83404ec65) Importer(815301076,1909f56bfc062723c751e8b465ee728b) (PreviewImporter) -> (Import Result ID: '49c5090c9610f3cd196f03d991a4102d') in 0.0170774 seconds [static and dynamic dependencies]. Details - ImportResultOutputID=8018bb984c13768be041144f99ef9c5d DependenciesID=fb0e53c8612dfa414edb9acab0039fb4 StaticDependenciesID=fa1d1675fbd628dc6c4ac76563cff872 
Number of updated asset objects reloaded before import = 0Number of asset objects unloaded after import = 2

========================================================================
Received Import Request.
  Time since last request: 0.000043 seconds.
  path: Assets/3rdParty/TreesVariety/birch/birch 3_Textures/translucency_gloss.png
  importAddress: Guid(cc9346830698252439c5eb7cb5545c6b) Importer(815301076,1909f56bfc062723c751e8b465ee728b)
Start importing Assets/3rdParty/TreesVariety/birch/birch 3_Textures/translucency_gloss.png using Guid(cc9346830698252439c5eb7cb5545c6b) Importer(815301076,1909f56bfc062723c751e8b465ee728b) (PreviewImporter) -> (Import Result ID: '58e215275c8af745d2dc58ec816c7db9') in 0.0458555 seconds [static and dynamic dependencies]. Details - ImportResultOutputID=cf432ef97024113cee4bb5e04cd690ce DependenciesID=d1291baaa307d09cb92eb214605342b9 StaticDependenciesID=d25f676a461bddb443baf50443c997c1 
Number of updated asset objects reloaded before import = 0Number of asset objects unloaded after import = 2

========================================================================
Received Import Request.
  Time since last request: 0.000030 seconds.
  path: Assets/3rdParty/TreesVariety/spruce/spruce_tex_SOURCE/leaf 1 gloss.psd
  importAddress: Guid(d20c04835129beb4a8d67b09a87d973b) Importer(815301076,1909f56bfc062723c751e8b465ee728b)
Start importing Assets/3rdParty/TreesVariety/spruce/spruce_tex_SOURCE/leaf 1 gloss.psd using Guid(d20c04835129beb4a8d67b09a87d973b) Importer(815301076,1909f56bfc062723c751e8b465ee728b) (PreviewImporter) -> (Import Result ID: '01880e3dbe137ab78aa97580c4d7fccf') in 0.026082 seconds [static and dynamic dependencies]. Details - ImportResultOutputID=de5d548ded071c2b813995dd49e57f54 DependenciesID=d72b12e7557b67cc76cf99f2ef07383c StaticDependenciesID=6db303be112a60c55c33e98d815a5110 
Number of updated asset objects reloaded before import = 0Number of asset objects unloaded after import = 2

========================================================================
Received Import Request.
  Time since last request: 0.000048 seconds.
  path: Assets/3rdParty/TreesVariety/birch/birch 4_Textures/translucency_gloss.png
  importAddress: Guid(f0d122f4dcd070946840bcb25e9c3491) Importer(815301076,1909f56bfc062723c751e8b465ee728b)
Start importing Assets/3rdParty/TreesVariety/birch/birch 4_Textures/translucency_gloss.png using Guid(f0d122f4dcd070946840bcb25e9c3491) Importer(815301076,1909f56bfc062723c751e8b465ee728b) (PreviewImporter) -> (Import Result ID: '71bb6d71b28f91dfeecd44df6078cbad') in 0.0268462 seconds [static and dynamic dependencies]. Details - ImportResultOutputID=27901e02f058f75fb1937738e4696e85 DependenciesID=7a845373b24aa1d13f104cf759d7c1dd StaticDependenciesID=eb473f378dac27b2d75a7bad8a9bba23 
Number of updated asset objects reloaded before import = 0Number of asset objects unloaded after import = 2

========================================================================
Received Import Request.
  Time since last request: 0.000032 seconds.
  path: Assets/3rdParty/TreesVariety/maple/maple 3_Textures/translucency_gloss.png
  importAddress: Guid(46fb11a6764b48a40bf4d2e3bb5e8ccc) Importer(815301076,1909f56bfc062723c751e8b465ee728b)
Start importing Assets/3rdParty/TreesVariety/maple/maple 3_Textures/translucency_gloss.png using Guid(46fb11a6764b48a40bf4d2e3bb5e8ccc) Importer(815301076,1909f56bfc062723c751e8b465ee728b) (PreviewImporter) -> (Import Result ID: '760488ff0f19ce1673b361d0998f7c83') in 0.1273411 seconds [static and dynamic dependencies]. Details - ImportResultOutputID=4707bafc72fe0d950fc499724cc48e50 DependenciesID=3cfa746cf5b104d440adf679da97e69c StaticDependenciesID=d8378835673cc6a308046a896bf686ba 
Number of updated asset objects reloaded before import = 0Number of asset objects unloaded after import = 2

========================================================================
Received Import Request.
  Time since last request: 0.000067 seconds.
  path: Assets/3rdParty/TreesVariety/birch/birch 5_Textures/translucency_gloss.png
  importAddress: Guid(5f191749099c3784face87feaa80df8c) Importer(815301076,1909f56bfc062723c751e8b465ee728b)
Start importing Assets/3rdParty/TreesVariety/birch/birch 5_Textures/translucency_gloss.png using Guid(5f191749099c3784face87feaa80df8c) Importer(815301076,1909f56bfc062723c751e8b465ee728b) (PreviewImporter) -> (Import Result ID: '8c24815d468b17208716ffd6b2944760') in 0.3383177 seconds [static and dynamic dependencies]. Details - ImportResultOutputID=10d0c24a64c356c5dfe2bf658aee34c2 DependenciesID=d80c33f77d962b32d12dc44d63967929 StaticDependenciesID=f15c9ed7ef36a011a0e40d5aedd7f1ee 
Number of updated asset objects reloaded before import = 0Number of asset objects unloaded after import = 2

========================================================================
Received Import Request.
  Time since last request: 0.000055 seconds.
  path: Assets/3rdParty/TreesVariety/bush/bush 5_Textures/translucency_gloss.png
  importAddress: Guid(16cee27b8fb321646bf1516063810d71) Importer(815301076,1909f56bfc062723c751e8b465ee728b)
Start importing Assets/3rdParty/TreesVariety/bush/bush 5_Textures/translucency_gloss.png using Guid(16cee27b8fb321646bf1516063810d71) Importer(815301076,1909f56bfc062723c751e8b465ee728b) (PreviewImporter) -> (Import Result ID: '0d91c758842c08c53970e5ae47574590') in 0.0932889 seconds [static and dynamic dependencies]. Details - ImportResultOutputID=42d39d9a7f444ed220ac274ea6657453 DependenciesID=7f31af496f794d3a3e4c76a464f2b61a StaticDependenciesID=6b30c94bd177f9d951416bb6f25aa4c1 
Number of updated asset objects reloaded before import = 0Number of asset objects unloaded after import = 2

========================================================================
Received Import Request.
  Time since last request: 0.000045 seconds.
  path: Assets/3rdParty/TreesVariety/plants/grape_plant dark_Textures/translucency_gloss.png
  importAddress: Guid(d97ed79973332d045a66a0889aaad134) Importer(815301076,1909f56bfc062723c751e8b465ee728b)
Start importing Assets/3rdParty/TreesVariety/plants/grape_plant dark_Textures/translucency_gloss.png using Guid(d97ed79973332d045a66a0889aaad134) Importer(815301076,1909f56bfc062723c751e8b465ee728b) (PreviewImporter) -> (Import Result ID: '91280adbaebc18b73d5fc083f6a6379b') in 0.0253965 seconds [static and dynamic dependencies]. Details - ImportResultOutputID=3329e658debb813fad7aa70c43761b5d DependenciesID=54906c224750e4ae288de615cd37ce73 StaticDependenciesID=104cfb8be57a6171e17c920f23955ad5 
Number of updated asset objects reloaded before import = 0Number of asset objects unloaded after import = 2

========================================================================
Received Import Request.
  Time since last request: 0.000029 seconds.
  path: Assets/FBX/80s-90s/store-detailing/Materials/store - black glossy.mat
  importAddress: Guid(aa9f31fcc83287c40aa52b2d9ad51908) Importer(815301076,1909f56bfc062723c751e8b465ee728b)
Start importing Assets/FBX/80s-90s/store-detailing/Materials/store - black glossy.mat using Guid(aa9f31fcc83287c40aa52b2d9ad51908) Importer(815301076,1909f56bfc062723c751e8b465ee728b) (PreviewImporter) -> (Import Result ID: '4b47ce1f0ee95ec2d6f513cb03ae0d89') in 2.3578366 seconds [static and dynamic dependencies]. Details - ImportResultOutputID=9d0b85a2634ebc6aefd71d74ababcbb0 DependenciesID=2fc0b8583528339c1ad2a48d94610a08 StaticDependenciesID=c8b26d5f316c593b984970a31b969f1f 
Number of updated asset objects reloaded before import = 0Number of asset objects unloaded after import = 4

========================================================================
Received Import Request.
  Time since last request: 0.000062 seconds.
  path: Assets/3rdParty/TreesVariety/plants/beet_plant_Textures/translucency_gloss.png
  importAddress: Guid(07441a63d5572844d81f0209ce9a9967) Importer(815301076,1909f56bfc062723c751e8b465ee728b)
Start importing Assets/3rdParty/TreesVariety/plants/beet_plant_Textures/translucency_gloss.png using Guid(07441a63d5572844d81f0209ce9a9967) Importer(815301076,1909f56bfc062723c751e8b465ee728b) (PreviewImporter) -> (Import Result ID: 'fce3289df8bcfb4339e08c26a9feff0c') in 0.0249819 seconds [static and dynamic dependencies]. Details - ImportResultOutputID=0cc5ecfe66f0f209192d9134d4dd88eb DependenciesID=ba3b0dfe430e9bd78163109f23cfadcf StaticDependenciesID=d5384e4875929d13644789c6c834d489 
Number of updated asset objects reloaded before import = 0Number of asset objects unloaded after import = 2

========================================================================
Received Import Request.
  Time since last request: 0.000087 seconds.
  path: Assets/3rdParty/TreesVariety/plants/cotton_plant 1_Textures/translucency_gloss.png
  importAddress: Guid(684fff433214bb44fac98533331a86aa) Importer(815301076,1909f56bfc062723c751e8b465ee728b)
Start importing Assets/3rdParty/TreesVariety/plants/cotton_plant 1_Textures/translucency_gloss.png using Guid(684fff433214bb44fac98533331a86aa) Importer(815301076,1909f56bfc062723c751e8b465ee728b) (PreviewImporter) -> (Import Result ID: 'd820c6eba0b2733daf2014f91c3ebac7') in 0.2096387 seconds [static and dynamic dependencies]. Details - ImportResultOutputID=1f8dc271f89d4fe1bdd0f61dbd04f5d0 DependenciesID=ffe9a4a4b23171730c79f0cf8eb0ecf7 StaticDependenciesID=26dfd51e08d83cb6e406059956bc4f1f 
Number of updated asset objects reloaded before import = 0Number of asset objects unloaded after import = 2

========================================================================
Received Import Request.
  Time since last request: 0.000077 seconds.
  path: Assets/3rdParty/TreesVariety/maple/maple_tex_SOURCE/bark_1 gloss.psd
  importAddress: Guid(518f652b10b5216449287bf70232a874) Importer(815301076,1909f56bfc062723c751e8b465ee728b)
Start importing Assets/3rdParty/TreesVariety/maple/maple_tex_SOURCE/bark_1 gloss.psd using Guid(518f652b10b5216449287bf70232a874) Importer(815301076,1909f56bfc062723c751e8b465ee728b) (PreviewImporter) -> (Import Result ID: '0deac305e78e4451a0d9d65870ff0636') in 0.0798208 seconds [static and dynamic dependencies]. Details - ImportResultOutputID=6f631c02268f2ee0870787a9d208151d DependenciesID=63f9c3d4b427f3815cff175ae565f890 StaticDependenciesID=acf604f8d06a0ab77c2c1024f9cab6e7 
Number of updated asset objects reloaded before import = 0Number of asset objects unloaded after import = 2

========================================================================
Received Import Request.
  Time since last request: 0.000047 seconds.
  path: Assets/3rdParty/TreesVariety/maple/maple 2_Textures/translucency_gloss.png
  importAddress: Guid(165c42bfa30c37548a98e6c955595ee9) Importer(815301076,1909f56bfc062723c751e8b465ee728b)
Start importing Assets/3rdParty/TreesVariety/maple/maple 2_Textures/translucency_gloss.png using Guid(165c42bfa30c37548a98e6c955595ee9) Importer(815301076,1909f56bfc062723c751e8b465ee728b) (PreviewImporter) -> (Import Result ID: 'ee97230e1136dd219c7e58e9c056f454') in 0.125556 seconds [static and dynamic dependencies]. Details - ImportResultOutputID=896589cd24e7461676adabd543b1c102 DependenciesID=aff086468c9d71353d91e7eca29937f5 StaticDependenciesID=8283364997293e6afdba0be0a45937da 
Number of updated asset objects reloaded before import = 0Number of asset objects unloaded after import = 2

========================================================================
Received Import Request.
  Time since last request: 0.000074 seconds.
  path: Assets/3rdParty/TreesVariety/cypress/cypress 3_Textures/translucency_gloss.png
  importAddress: Guid(9add55e567a7d3f4c988441b1b80c178) Importer(815301076,1909f56bfc062723c751e8b465ee728b)
Start importing Assets/3rdParty/TreesVariety/cypress/cypress 3_Textures/translucency_gloss.png using Guid(9add55e567a7d3f4c988441b1b80c178) Importer(815301076,1909f56bfc062723c751e8b465ee728b) (PreviewImporter) -> (Import Result ID: 'e35fbc1bd83c4afa363991834380854b') in 0.3308194 seconds [static and dynamic dependencies]. Details - ImportResultOutputID=56ae08113f03532ebc9dac3796dc460c DependenciesID=c31623a40eb7405190612041458f2eb4 StaticDependenciesID=4d6c4f0680d6bd678c639ce56bcdcbef 
Number of updated asset objects reloaded before import = 0Number of asset objects unloaded after import = 2

========================================================================
Received Import Request.
  Time since last request: 0.000070 seconds.
  path: Assets/FBX/Experimental/experimental-lightbleed-testing/Materials/store - black glossy.mat
  importAddress: Guid(b89dfba7c8151ca4490fead39139e47b) Importer(815301076,1909f56bfc062723c751e8b465ee728b)
Start importing Assets/FBX/Experimental/experimental-lightbleed-testing/Materials/store - black glossy.mat using Guid(b89dfba7c8151ca4490fead39139e47b) Importer(815301076,1909f56bfc062723c751e8b465ee728b) (PreviewImporter) -> (Import Result ID: '16772676aa1594d0d52b8770cadcf35b') in 0.1595607 seconds [static and dynamic dependencies]. Details - ImportResultOutputID=7da2e0479b95a41ab37939714f0f3003 DependenciesID=1c7bac110a9ca1270ee6d0f7af1cd06e StaticDependenciesID=5ca759e58d67bd6219a6fb3d3cd83163 
Number of updated asset objects reloaded before import = 0Number of asset objects unloaded after import = 4

========================================================================
Received Import Request.
  Time since last request: 0.000062 seconds.
  path: Assets/3rdParty/TreesVariety/plants/cacao_tree_Textures/translucency_gloss.png
  importAddress: Guid(03073c40f97171e4d931aa99f9af5fa5) Importer(815301076,1909f56bfc062723c751e8b465ee728b)
Start importing Assets/3rdParty/TreesVariety/plants/cacao_tree_Textures/translucency_gloss.png using Guid(03073c40f97171e4d931aa99f9af5fa5) Importer(815301076,1909f56bfc062723c751e8b465ee728b) (PreviewImporter) -> (Import Result ID: 'a0d7afdbc4db3e17a0dc10012745068e') in 0.0252459 seconds [static and dynamic dependencies]. Details - ImportResultOutputID=fb9217f1820a8694dcc4f303ff0d1e3d DependenciesID=7be0f736fd40d0ad7c566a7d054b1692 StaticDependenciesID=1a433dcbcc9fe4c2d682257dd2e21d87 
Number of updated asset objects reloaded before import = 0Number of asset objects unloaded after import = 2

========================================================================
Received Import Request.
  Time since last request: 0.000058 seconds.
  path: Assets/3rdParty/TreesVariety/cherry_plum based/cherry_plum based_tex_SOURCE/leaf_gloss.psd
  importAddress: Guid(b372aa018f9c9364d8776616acd89228) Importer(815301076,1909f56bfc062723c751e8b465ee728b)
Start importing Assets/3rdParty/TreesVariety/cherry_plum based/cherry_plum based_tex_SOURCE/leaf_gloss.psd using Guid(b372aa018f9c9364d8776616acd89228) Importer(815301076,1909f56bfc062723c751e8b465ee728b) (PreviewImporter) -> (Import Result ID: 'f12eb347bb990409d096239be870c72a') in 0.0247156 seconds [static and dynamic dependencies]. Details - ImportResultOutputID=e5df0546a4f9931b1dbaad1b5877c802 DependenciesID=3fbe308315389b6d0a5208c07bbd84be StaticDependenciesID=d5c27ed7a0fc840159a275aef309518b 
Number of updated asset objects reloaded before import = 0Number of asset objects unloaded after import = 2

========================================================================
Received Import Request.
  Time since last request: 0.000070 seconds.
  path: Assets/3rdParty/TreesVariety/birch/birch 2_Textures/translucency_gloss.png
  importAddress: Guid(7e637e7cdf900f449bdeba8348d9b4ac) Importer(815301076,1909f56bfc062723c751e8b465ee728b)
Start importing Assets/3rdParty/TreesVariety/birch/birch 2_Textures/translucency_gloss.png using Guid(7e637e7cdf900f449bdeba8348d9b4ac) Importer(815301076,1909f56bfc062723c751e8b465ee728b) (PreviewImporter) -> (Import Result ID: '07377dd4082c7f741933b5e7c5574b85') in 0.0243587 seconds [static and dynamic dependencies]. Details - ImportResultOutputID=0e8d861403ac4f07cc50eb3fa5510f4b DependenciesID=4e9d666296ecbe4b4f21a07bcfe27b32 StaticDependenciesID=83e920d981409a61c0be2cf96c6385b0 
Number of updated asset objects reloaded before import = 0Number of asset objects unloaded after import = 2

========================================================================
Received Import Request.
  Time since last request: 0.000068 seconds.
  path: Assets/3rdParty/TreesVariety/maple/maple 1_Textures/translucency_gloss.png
  importAddress: Guid(e253da16ba4236349ac06938134ab9d1) Importer(815301076,1909f56bfc062723c751e8b465ee728b)
Start importing Assets/3rdParty/TreesVariety/maple/maple 1_Textures/translucency_gloss.png using Guid(e253da16ba4236349ac06938134ab9d1) Importer(815301076,1909f56bfc062723c751e8b465ee728b) (PreviewImporter) -> (Import Result ID: '578e2d4c56c220887eeaa2f193aaa9d6') in 0.0254338 seconds [static and dynamic dependencies]. Details - ImportResultOutputID=586f09e656e824554859f6e14e0e7455 DependenciesID=9a5c27d508ff43b2fb0af568504a99da StaticDependenciesID=439a3f7260b1019e03b7007068ba4e9f 
Number of updated asset objects reloaded before import = 0Number of asset objects unloaded after import = 2

========================================================================
Received Import Request.
  Time since last request: 0.000061 seconds.
  path: Assets/3rdParty/TreesVariety/bush/bush_tex_SOURCE/leaf 1 gloss.psd
  importAddress: Guid(826b9b7c69c32b14991274cf556f9c67) Importer(815301076,1909f56bfc062723c751e8b465ee728b)
Start importing Assets/3rdParty/TreesVariety/bush/bush_tex_SOURCE/leaf 1 gloss.psd using Guid(826b9b7c69c32b14991274cf556f9c67) Importer(815301076,1909f56bfc062723c751e8b465ee728b) (PreviewImporter) -> (Import Result ID: 'f0eb2c768931baab961addba25b0bbd5') in 0.026993 seconds [static and dynamic dependencies]. Details - ImportResultOutputID=888cffea2f348ddd1ac888ea4e51b33b DependenciesID=d2a7aaef7dc5f1f6abaddd2872130637 StaticDependenciesID=03e98bc0fe1290bce03cc941b9ce17a2 
Number of updated asset objects reloaded before import = 0Number of asset objects unloaded after import = 2

========================================================================
Received Import Request.
  Time since last request: 0.000057 seconds.
  path: Assets/FBX/80s-90s/store-detailing/Materials/store - white tile glossy_MaskMap.png
  importAddress: Guid(bdaafdb5c7a7b3f468a5d975582e259a) Importer(815301076,1909f56bfc062723c751e8b465ee728b)
Start importing Assets/FBX/80s-90s/store-detailing/Materials/store - white tile glossy_MaskMap.png using Guid(bdaafdb5c7a7b3f468a5d975582e259a) Importer(815301076,1909f56bfc062723c751e8b465ee728b) (PreviewImporter) -> (Import Result ID: 'fdfc8585b9ae7b0693df7ff7d450cf25') in 0.020284 seconds [static and dynamic dependencies]. Details - ImportResultOutputID=869db068f81cb852db568e49847af82c DependenciesID=98b864c36734795494216b0165500bcd StaticDependenciesID=59d6c583de2f4dc8514f5140d0feb643 
Number of updated asset objects reloaded before import = 0Number of asset objects unloaded after import = 2

========================================================================
Received Import Request.
  Time since last request: 0.000059 seconds.
  path: Assets/3rdParty/TreesVariety/oak/oak 2_Textures/translucency_gloss.png
  importAddress: Guid(91f85de54a9b74b42b0fadcca2e43a18) Importer(815301076,1909f56bfc062723c751e8b465ee728b)
Start importing Assets/3rdParty/TreesVariety/oak/oak 2_Textures/translucency_gloss.png using Guid(91f85de54a9b74b42b0fadcca2e43a18) Importer(815301076,1909f56bfc062723c751e8b465ee728b) (PreviewImporter) -> (Import Result ID: 'eaf56bae006b88dbeb6b61f4acfa00a0') in 0.0259506 seconds [static and dynamic dependencies]. Details - ImportResultOutputID=e100f746ec5d6f65338cd5fb49cf5683 DependenciesID=08ae4a04ba300e7c772bb92cc745ffcd StaticDependenciesID=42d9cb603754ded4634052a4e6232490 
Number of updated asset objects reloaded before import = 0Number of asset objects unloaded after import = 2

========================================================================
Received Import Request.
  Time since last request: 0.000050 seconds.
  path: Assets/3rdParty/TreesVariety/rose bush/rose A_Textures/translucency_gloss.png
  importAddress: Guid(7c0c178a196c1b44ba138867ba1a0fcd) Importer(815301076,1909f56bfc062723c751e8b465ee728b)
Start importing Assets/3rdParty/TreesVariety/rose bush/rose A_Textures/translucency_gloss.png using Guid(7c0c178a196c1b44ba138867ba1a0fcd) Importer(815301076,1909f56bfc062723c751e8b465ee728b) (PreviewImporter) -> (Import Result ID: 'e6249bdb4fb49f0f4d8e515ad6380a81') in 0.0246697 seconds [static and dynamic dependencies]. Details - ImportResultOutputID=28e42f16b2e9881f208e2779cbb693f2 DependenciesID=a157e126bc66d4b477773d0bbc66f3c0 StaticDependenciesID=ef5d4f6000de264bad81148f886aa9c3 
Number of updated asset objects reloaded before import = 0Number of asset objects unloaded after import = 2

========================================================================
Received Import Request.
  Time since last request: 0.000075 seconds.
  path: Assets/3rdParty/TreesVariety/linden based/linden based 1_Textures/translucency_gloss.png
  importAddress: Guid(8dc101f40346c1c47b316164a75f6a29) Importer(815301076,1909f56bfc062723c751e8b465ee728b)
Start importing Assets/3rdParty/TreesVariety/linden based/linden based 1_Textures/translucency_gloss.png using Guid(8dc101f40346c1c47b316164a75f6a29) Importer(815301076,1909f56bfc062723c751e8b465ee728b) (PreviewImporter) -> (Import Result ID: 'f932bea4c044f13fa9e157bc9baabbaa') in 0.010602 seconds [static and dynamic dependencies]. Details - ImportResultOutputID=e0d079bbce036aa8e83908be724fecc0 DependenciesID=60365be2e8e7d811b99240f037c3b279 StaticDependenciesID=12afe899ee86401f66d4ee55addda24a 
Number of updated asset objects reloaded before import = 0Number of asset objects unloaded after import = 2

========================================================================
Received Import Request.
  Time since last request: 0.000077 seconds.
  path: Assets/3rdParty/TreesVariety/oak/oak_tex_SOURCE/leaf 1 gloss.psd
  importAddress: Guid(073b3a5ce250ec74e90053826f57c78d) Importer(815301076,1909f56bfc062723c751e8b465ee728b)
Start importing Assets/3rdParty/TreesVariety/oak/oak_tex_SOURCE/leaf 1 gloss.psd using Guid(073b3a5ce250ec74e90053826f57c78d) Importer(815301076,1909f56bfc062723c751e8b465ee728b) (PreviewImporter) -> (Import Result ID: '34fe8e6106c403a78bd7703c507e4eaf') in 0.2262753 seconds [static and dynamic dependencies]. Details - ImportResultOutputID=f257e2977d0d04cba5c5e0bfc2c1b4d4 DependenciesID=e8fec85925af6c240a9e5ae1244dc6e9 StaticDependenciesID=1217a645566b0324982a5b15fe869314 
Number of updated asset objects reloaded before import = 0Number of asset objects unloaded after import = 2

========================================================================
Received Import Request.
  Time since last request: 0.000072 seconds.
  path: Assets/3rdParty/TreesVariety/birch/birch 1_Textures/translucency_gloss.png
  importAddress: Guid(062fd11b90e1e96489d70296ebde05eb) Importer(815301076,1909f56bfc062723c751e8b465ee728b)
Start importing Assets/3rdParty/TreesVariety/birch/birch 1_Textures/translucency_gloss.png using Guid(062fd11b90e1e96489d70296ebde05eb) Importer(815301076,1909f56bfc062723c751e8b465ee728b) (PreviewImporter) -> (Import Result ID: '740b3c87cda2cb7ac7a4e882b81a7be6') in 0.0691326 seconds [static and dynamic dependencies]. Details - ImportResultOutputID=9e8d88d81b899939509803dd72e9987d DependenciesID=17714ec8364a038f5f5850b1494929ba StaticDependenciesID=a472f4e8d5e0d76618d20e4420b08ceb 
Number of updated asset objects reloaded before import = 0Number of asset objects unloaded after import = 2

========================================================================
Received Import Request.
  Time since last request: 0.000084 seconds.
  path: Assets/3rdParty/TreesVariety/bush/bush 3_Textures/translucency_gloss.png
  importAddress: Guid(f18f6e6475a0e984e945b259d3807f73) Importer(815301076,1909f56bfc062723c751e8b465ee728b)
Start importing Assets/3rdParty/TreesVariety/bush/bush 3_Textures/translucency_gloss.png using Guid(f18f6e6475a0e984e945b259d3807f73) Importer(815301076,1909f56bfc062723c751e8b465ee728b) (PreviewImporter) -> (Import Result ID: '6f8fe5296d27ae8ad9eba6c3131a32de') in 0.0842225 seconds [static and dynamic dependencies]. Details - ImportResultOutputID=ab03ec9e4dadd4d24d63944a5b7d1c94 DependenciesID=058effa9fc0fc490cf5996a8bd4dbfca StaticDependenciesID=604918ed64d59182dbc821d213950181 
Number of updated asset objects reloaded before import = 0Number of asset objects unloaded after import = 2

========================================================================
Received Import Request.
  Time since last request: 0.000063 seconds.
  path: Assets/FBX/60s-70s/mall-detailing-interior/Materials/store - black glossy_MaskMap.png
  importAddress: Guid(32efe650bf48d684da3362a0d1305f27) Importer(815301076,1909f56bfc062723c751e8b465ee728b)
Start importing Assets/FBX/60s-70s/mall-detailing-interior/Materials/store - black glossy_MaskMap.png using Guid(32efe650bf48d684da3362a0d1305f27) Importer(815301076,1909f56bfc062723c751e8b465ee728b) (PreviewImporter) -> (Import Result ID: 'a10aa873d641d0cc3b4baf724c2e1d25') in 0.0090979 seconds [static and dynamic dependencies]. Details - ImportResultOutputID=1fe0dba6c8480d6870b52f1497cb1bab DependenciesID=bb619c4e4686a91b31ed3d44547c292b StaticDependenciesID=045b9689e5b49a6d4f72581f16bd15e0 
Number of updated asset objects reloaded before import = 0Number of asset objects unloaded after import = 2

========================================================================
Received Import Request.
  Time since last request: 0.000055 seconds.
  path: Assets/FBX/60s-70s/store-detailing/Materials/store - black glossy.mat
  importAddress: Guid(be0bc4ee59c63094598b1d71da57ddeb) Importer(815301076,1909f56bfc062723c751e8b465ee728b)
Start importing Assets/FBX/60s-70s/store-detailing/Materials/store - black glossy.mat using Guid(be0bc4ee59c63094598b1d71da57ddeb) Importer(815301076,1909f56bfc062723c751e8b465ee728b) (PreviewImporter) -> (Import Result ID: '037962267bd61e6d2c6fc0b2b6d57435') in 0.1375299 seconds [static and dynamic dependencies]. Details - ImportResultOutputID=649ad42ddb74d525a215a393ac611dd4 DependenciesID=e4a56b665e1b17f93d5696e3f8c93ea9 StaticDependenciesID=0d02b7c5cbd2295c3b1defc769f076b8 
Number of updated asset objects reloaded before import = 0Number of asset objects unloaded after import = 4

========================================================================
Received Import Request.
  Time since last request: 0.000095 seconds.
  path: Assets/FBX/80s-90s/mall-detailing-interior/Materials/store - black glossy.mat
  importAddress: Guid(b395d4f07901abd4ea844e430f52844c) Importer(815301076,1909f56bfc062723c751e8b465ee728b)
Start importing Assets/FBX/80s-90s/mall-detailing-interior/Materials/store - black glossy.mat using Guid(b395d4f07901abd4ea844e430f52844c) Importer(815301076,1909f56bfc062723c751e8b465ee728b) (PreviewImporter) -> (Import Result ID: 'b8137c68a1e41e30d03323e632f4b983') in 0.0509728 seconds [static and dynamic dependencies]. Details - ImportResultOutputID=2dba92195916412e55c3230790c7b93e DependenciesID=52272e78ef9981c3451f4d05f661a23d StaticDependenciesID=710185e13d66bbccfe4cbc9f991e91a6 
Number of updated asset objects reloaded before import = 0Number of asset objects unloaded after import = 4

Editor requested this worker to shutdown with reason: Scaling down because of idle timeout
AssetImportWorker is now disconnected from the server
Process exiting
Exiting without the bug reporter. Application will terminate with return code 0