[Licensing::Module] Trying to connect to existing licensing client channel...
Built from '6000.4/staging' branch; Version is '6000.4.0f1 (8cf496087c8f) revision 9237654'; Using compiler version '194234433'; Build Type 'Release'
OS: 'Windows 10  (10.0.19045) 64bit Enterprise' Language: 'en' Physical Memory: 32689 MB
BatchMode: 1, IsHumanControllingUs: 0, StartBugReporterOnCrash: 0, Is64bit: 1
System  architecture: x64
[Licensing::IpcConnector] Successfully connected to: "LicenseClient-Boulder-VR" at "2026-06-04T02:08:41.2060469Z"
Process architecture: x64
Date: 2026-06-04T02:08:41Z

COMMAND LINE ARGUMENTS:
C:\Program Files\Unity\Hub\Editor\6000.4.0f1\Editor\Unity.exe
-adb2
-batchMode
-noUpm
-name
AssetImportWorker4
-projectPath
C:/Users/Boulder-VR/Desktop/_cloud/GitHub/CinderellaCityProject_Unity6/CinderellaCitySimulation
-logFile
Logs/AssetImportWorker4.log
-srvPort
60048
-licensingIpc
LicenseClient-Boulder-VR
-force-d3d12
-job-worker-count
19
-background-job-worker-count
8
-gc-helper-count
1
-name
AssetImport
Successfully changed project path to: C:/Users/Boulder-VR/Desktop/_cloud/GitHub/CinderellaCityProject_Unity6/CinderellaCitySimulation
C:/Users/Boulder-VR/Desktop/_cloud/GitHub/CinderellaCityProject_Unity6/CinderellaCitySimulation
[UnityMemory] Configuration Parameters - Can be set up in boot.config
    "memorysetup-temp-allocator-size-gi-baking-worker=262144"
    "memorysetup-temp-allocator-size-gi-baking-worker=262144"
    "memorysetup-temp-allocator-size-gi-baking-worker=262144"
    "memorysetup-temp-allocator-size-gi-baking-worker=262144"
    "memorysetup-temp-allocator-size-gi-baking-worker=262144"
    "memorysetup-temp-allocator-size-nav-mesh-worker=65536"
    "memorysetup-temp-allocator-size-audio-worker=65536"
    "memorysetup-temp-allocator-size-cloud-worker=32768"
    "memorysetup-temp-allocator-size-gfx=262144"
    "memorysetup-temp-allocator-size-preload-manager=33554432"
    "memorysetup-temp-allocator-size-job-worker=262144"
    "memorysetup-temp-allocator-size-background-worker=32768"
    "memorysetup-allocator-temp-initial-block-size-main=262144"
    "memorysetup-allocator-temp-initial-block-size-worker=262144"
    "memorysetup-bucket-allocator-granularity=16"
    "memorysetup-bucket-allocator-bucket-count=8"
    "memorysetup-bucket-allocator-block-size=33554432"
    "memorysetup-bucket-allocator-block-count=8"
    "memorysetup-main-allocator-block-size=16777216"
    "memorysetup-thread-allocator-block-size=16777216"
    "memorysetup-gfx-main-allocator-block-size=16777216"
    "memorysetup-gfx-thread-allocator-block-size=16777216"
    "memorysetup-cache-allocator-block-size=4194304"
    "memorysetup-typetree-allocator-block-size=2097152"
    "memorysetup-profiler-bucket-allocator-granularity=16"
    "memorysetup-profiler-bucket-allocator-bucket-count=8"
    "memorysetup-profiler-bucket-allocator-block-size=33554432"
    "memorysetup-profiler-bucket-allocator-block-count=8"
    "memorysetup-profiler-allocator-block-size=16777216"
    "memorysetup-profiler-editor-allocator-block-size=1048576"
    "memorysetup-temp-allocator-size-main=16777216"
    "memorysetup-job-temp-allocator-block-size=2097152"
    "memorysetup-job-temp-allocator-block-size-background=1048576"
    "memorysetup-job-temp-allocator-reduction-small-platforms=262144"
Player connection [53952]  Target information:

Player connection [53952]  * "[IP] 192.168.1.217 [Port] 0 [Flags] 2 [Guid] 2190143994 [EditorId] 2190143994 [Version] 1048832 [Id] WindowsEditor(7,DESKTOP-UC90R3D) [Debug] 1 [PackageName] WindowsEditor [ProjectName] Editor" 

Player connection [53952] Host joined multi-casting on [225.0.0.222:54997]...
Player connection [53952] Host joined alternative multi-casting on [225.0.0.222:34997]...
JobSystem: Creating JobQueue using job-worker-count value 19
Input System module state changed to: Initialized.
[Physics::Module] Initialized fallback backend.
[Physics::Module] Id: 0xdecafbad
Library Redirect Path: Library/
[Physics::Module] Selected backend.
[Physics::Module] Name: PhysX
[Physics::Module] Id: 0xf2b8ea05
[Physics::Module] SDK Version: 4.1.2
[Physics::Module] Integration Version: 1.0.0
[Physics::Module] Threading Mode: Multi-Threaded
Refreshing native plugins compatible for Editor in 10.62 ms, found 2 plugins.
Initialize engine version: 6000.4.0f1 (8cf496087c8f)
[Subsystems] Discovering subsystems at path C:/Program Files/Unity/Hub/Editor/6000.4.0f1/Editor/Data/Resources/UnitySubsystems
[Subsystems] Discovering subsystems at path C:/Users/Boulder-VR/Desktop/_cloud/GitHub/CinderellaCityProject_Unity6/CinderellaCitySimulation/Assets
Forcing GfxDevice: Direct3D 12
GfxDevice: creating device client; kGfxThreadingModeNonThreaded
[Licensing::Client] Error: HandshakeResponse reported an error:
	ResponseCode: 505
	ResponseStatus: Unsupported protocol version '1.18.1'.
[Licensing::Module] Error: Failed to handshake to channel: "LicenseClient-Boulder-VR"
[Licensing::IpcConnector] LicenseClient-Boulder-VR channel disconnected successfully.
[Licensing::IpcConnector] Successfully connected to: "LicenseClient-Boulder-VR-6000.4.0" at "2026-06-04T02:08:43.2299945Z"
d3d12: failed to query info queue interface (0x80004002).
Direct3D:
    Version:         Direct3D 12 [level 12.1]
    Renderer:        NVIDIA GeForce GTX 1080 (ID=0x1b80)
    Vendor:          NVIDIA
    VRAM:            8059 MB
    App VRAM Budget: 7291 MB
    Driver:          32.0.15.6636
Initialize mono
Mono path[0] = 'C:/Program Files/Unity/Hub/Editor/6000.4.0f1/Editor/Data/Managed'
Mono path[1] = 'C:/Program Files/Unity/Hub/Editor/6000.4.0f1/Editor/Data/MonoBleedingEdge/lib/mono/unityjit-win32'
Mono config path = 'C:/Program Files/Unity/Hub/Editor/6000.4.0f1/Editor/Data/MonoBleedingEdge/etc'
Using monoOptions --debugger-agent=transport=dt_socket,embedding=1,server=y,suspend=n,address=127.0.0.1:56344
[Licensing::Client] Handshaking with LicensingClient:
  Version:                 1.18.1+9fbee8e
  Session Id:              386ea1139e85470bb0ffc06690b53f51
  Correlation Id:          91604656144424b752f53f8170a3eee9
  External correlation Id: 3688399741650644401
  Machine Id:              nzoQQWsMwFXkfPkeVZc+YYGv80A=
[Licensing::Module] Successfully connected to LicensingClient on channel: "LicenseClient-Boulder-VR-6000.4.0" (connect: 0.02s, validation: 0.00s, handshake: 4.41s)
[Licensing::IpcConnector] Successfully connected to: "LicenseClient-Boulder-VR-6000.4.0-notifications" at "2026-06-04T02:08:47.6479884Z"
[Licensing::Module] Licensing Background thread has ended after 6.44s
CodeReloadManager initialized
Begin MonoManager ReloadAssembly
Registering precompiled unity dll's ...
Register platform support module: C:/Program Files/Unity/Hub/Editor/6000.4.0f1/Editor/Data/PlaybackEngines/MacStandaloneSupport/UnityEditor.OSXStandalone.Extensions.dll
Register platform support module: C:/Program Files/Unity/Hub/Editor/6000.4.0f1/Editor/Data/PlaybackEngines/WindowsStandaloneSupport/UnityEditor.WindowsStandalone.Extensions.dll
Registered in 0.556135 seconds.
Native extension for WindowsStandalone target not found
Native extension for OSXStandalone target not found
Package Manager log level set to [2]
[Package Manager] Failed to launch server process. Reason: Unity was launched with the -noUpm command-line argument
[Package Manager] Unable to send message (not connected to server process).
[Package Manager] Cannot connect to Unity Package Manager local server
ScheduleIndexationOnStartup MainProcess:False IndexOnStartup:True
Mono: successfully reloaded assembly
- Finished resetting the current domain, in  1.250 seconds
Domain Reload Profiling: 6934ms
	BeginReloadAssembly (776ms)
		CreateAndSetChildDomain (7ms)
	RebuildCommonClasses (1116ms)
	RebuildNativeTypeToScriptingClass (29ms)
	initialDomainReloadingComplete (705ms)
	LoadAllAssembliesAndSetupDomain (3055ms)
		LoadAssemblies (778ms)
		AnalyzeDomain (3018ms)
			TypeCache.Refresh (3016ms)
				TypeCache.ScanAssembly (2264ms)
	FinalizeReload (1253ms)
		SetupLoadedEditorAssemblies (0ms)
			InitializePlatformSupportModulesInManaged (399ms)
			BeforeProcessingInitializeOnLoad (161ms)
			ProcessInitializeOnLoadAttributes (258ms)
			ProcessInitializeOnLoadMethodAttributes (241ms)
========================================================================
Worker process is ready to serve import requests
Import Worker Mode flag is 0x00
Begin MonoManager ReloadAssembly
[Licensing::Client] Successfully resolved entitlement details
[Licensing::Module] License group:
  Id: F4-J6YX-KHFT-CZRA-4X5Z-XXXX
  Product: Unity Personal
  Type: ULF
  Expiration: Unlimited
[Licensing::Module] License group:
  Id: 2473931900003-UnityPersXXXX
  Product: Unity Personal
  Type: Assigned
  Expiration: Unlimited
Assembly DocCodeExamples.dll at Library/ScriptAssemblies/DocCodeExamples.dll not valid. Loading of assembly skipped.
Assembly TestNewCustomAssembly.dll at Library/ScriptAssemblies/TestNewCustomAssembly.dll not valid. Loading of assembly skipped.
Assembly Unity.2D.Sprite.Package.EditorTests.dll at Library/ScriptAssemblies/Unity.2D.Sprite.Package.EditorTests.dll not valid. Loading of assembly skipped.
Assembly Unity.2D.Tilemap.Package.EditorTests.dll at Library/ScriptAssemblies/Unity.2D.Tilemap.Package.EditorTests.dll not valid. Loading of assembly skipped.
Assembly Unity.Analytics.DataPrivacy.Tests.dll at Library/ScriptAssemblies/Unity.Analytics.DataPrivacy.Tests.dll not valid. Loading of assembly skipped.
Assembly Unity.Analytics.StandardEvents.EditorTests.dll at Library/ScriptAssemblies/Unity.Analytics.StandardEvents.EditorTests.dll not valid. Loading of assembly skipped.
Assembly Unity.Collections.BurstCompatibilityGen.dll at Library/ScriptAssemblies/Unity.Collections.BurstCompatibilityGen.dll not valid. Loading of assembly skipped.
Assembly Unity.Collections.DocCodeSamples.dll at Library/ScriptAssemblies/Unity.Collections.DocCodeSamples.dll not valid. Loading of assembly skipped.
Assembly Unity.Collections.PerformanceTests.dll at Library/ScriptAssemblies/Unity.Collections.PerformanceTests.dll not valid. Loading of assembly skipped.
Assembly Unity.Collections.Tests.dll at Library/ScriptAssemblies/Unity.Collections.Tests.dll not valid. Loading of assembly skipped.
Assembly Unity.Collections.Tests.Playmode.dll at Library/ScriptAssemblies/Unity.Collections.Tests.Playmode.dll not valid. Loading of assembly skipped.
Assembly Unity.InputSystem.IntegrationTests.dll at Library/ScriptAssemblies/Unity.InputSystem.IntegrationTests.dll not valid. Loading of assembly skipped.
Assembly Unity.Mathematics.Tests.dll at Library/ScriptAssemblies/Unity.Mathematics.Tests.dll not valid. Loading of assembly skipped.
Assembly Unity.Multiplayer.Center.Editor.Tests.dll at Library/ScriptAssemblies/Unity.Multiplayer.Center.Editor.Tests.dll not valid. Loading of assembly skipped.
Assembly Unity.Multiplayer.Center.Tests.dll at Library/ScriptAssemblies/Unity.Multiplayer.Center.Tests.dll not valid. Loading of assembly skipped.
Assembly Unity.Nuget.Mono-Cecil.dll at Library/ScriptAssemblies/Unity.Nuget.Mono-Cecil.dll not valid. Loading of assembly skipped.
Assembly Unity.PathTracing.Editor.Tests.dll at Library/ScriptAssemblies/Unity.PathTracing.Editor.Tests.dll not valid. Loading of assembly skipped.
Assembly Unity.PathTracing.Runtime.Tests.dll at Library/ScriptAssemblies/Unity.PathTracing.Runtime.Tests.dll not valid. Loading of assembly skipped.
Assembly Unity.Postprocessing.Editor.Tests.dll at Library/ScriptAssemblies/Unity.Postprocessing.Editor.Tests.dll not valid. Loading of assembly skipped.
Assembly Unity.Postprocessing.Runtime.Tests.dll at Library/ScriptAssemblies/Unity.Postprocessing.Runtime.Tests.dll not valid. Loading of assembly skipped.
Assembly Unity.RenderPipelines.Core.Editor.Tests.dll at Library/ScriptAssemblies/Unity.RenderPipelines.Core.Editor.Tests.dll not valid. Loading of assembly skipped.
Assembly Unity.RenderPipelines.Core.Runtime.Tests.dll at Library/ScriptAssemblies/Unity.RenderPipelines.Core.Runtime.Tests.dll not valid. Loading of assembly skipped.
Assembly Unity.RenderPipelines.HighDefinition.Editor.Tests.dll at Library/ScriptAssemblies/Unity.RenderPipelines.HighDefinition.Editor.Tests.dll not valid. Loading of assembly skipped.
Assembly Unity.RenderPipelines.HighDefinition.Runtime.Tests.dll at Library/ScriptAssemblies/Unity.RenderPipelines.HighDefinition.Runtime.Tests.dll not valid. Loading of assembly skipped.
Assembly Unity.RenderPipelines.HighDefinitionConfig.Editor.Tests.dll at Library/ScriptAssemblies/Unity.RenderPipelines.HighDefinitionConfig.Editor.Tests.dll not valid. Loading of assembly skipped.
Assembly Unity.Searcher.EditorTests.dll at Library/ScriptAssemblies/Unity.Searcher.EditorTests.dll not valid. Loading of assembly skipped.
Assembly Unity.ShaderGraph.Editor.Tests.dll at Library/ScriptAssemblies/Unity.ShaderGraph.Editor.Tests.dll not valid. Loading of assembly skipped.
Assembly Unity.TextMeshPro.Editor.Tests.dll at Library/ScriptAssemblies/Unity.TextMeshPro.Editor.Tests.dll not valid. Loading of assembly skipped.
Assembly Unity.TextMeshPro.Tests.dll at Library/ScriptAssemblies/Unity.TextMeshPro.Tests.dll not valid. Loading of assembly skipped.
Assembly Unity.UnifiedRayTracing.Editor.Tests.dll at Library/ScriptAssemblies/Unity.UnifiedRayTracing.Editor.Tests.dll not valid. Loading of assembly skipped.
Assembly Unity.VisualEffectGraph.Editor.Tests.dll at Library/ScriptAssemblies/Unity.VisualEffectGraph.Editor.Tests.dll not valid. Loading of assembly skipped.
Assembly Unity.VisualEffectGraph.Runtime.Tests.dll at Library/ScriptAssemblies/Unity.VisualEffectGraph.Runtime.Tests.dll not valid. Loading of assembly skipped.
Assembly UnityEditor.UI.Common.Tests.dll at Library/ScriptAssemblies/UnityEditor.UI.Common.Tests.dll not valid. Loading of assembly skipped.
Assembly UnityEditor.UI.EditorTests.dll at Library/ScriptAssemblies/UnityEditor.UI.EditorTests.dll not valid. Loading of assembly skipped.
Assembly UnityEditor.XR.LegacyInputHelpers.Tests.dll at Library/ScriptAssemblies/UnityEditor.XR.LegacyInputHelpers.Tests.dll not valid. Loading of assembly skipped.
Assembly UnityEngine.Advertisements.Editor.Tests.dll at Library/ScriptAssemblies/UnityEngine.Advertisements.Editor.Tests.dll not valid. Loading of assembly skipped.
Assembly UnityEngine.Advertisements.Tests.dll at Library/ScriptAssemblies/UnityEngine.Advertisements.Tests.dll not valid. Loading of assembly skipped.
Assembly UnityEngine.Purchasing.Apple.dll at Library/ScriptAssemblies/UnityEngine.Purchasing.Apple.dll not valid. Loading of assembly skipped.
Assembly UnityEngine.Purchasing.AppleMacos.dll at Library/ScriptAssemblies/UnityEngine.Purchasing.AppleMacos.dll not valid. Loading of assembly skipped.
Assembly UnityEngine.Purchasing.Security.dll at Library/ScriptAssemblies/UnityEngine.Purchasing.Security.dll not valid. Loading of assembly skipped.
Assembly UnityEngine.Purchasing.WinRT.dll at Library/ScriptAssemblies/UnityEngine.Purchasing.WinRT.dll not valid. Loading of assembly skipped.
Assembly UnityEngine.SpatialTracking.Tests.dll at Library/ScriptAssemblies/UnityEngine.SpatialTracking.Tests.dll not valid. Loading of assembly skipped.
Assembly UnityEngine.UI.Tests.dll at Library/ScriptAssemblies/UnityEngine.UI.Tests.dll not valid. Loading of assembly skipped.
Symbol file LoadedFromMemory is not a mono symbol file
Refreshing native plugins compatible for Editor in 7.74 ms, found 2 plugins.
Native extension for WindowsStandalone target not found
Native extension for OSXStandalone target not found
[Package Manager] Failed to launch server process. Reason: Unity was launched with the -noUpm command-line argument
[Package Manager] Unable to send message (not connected to server process).
[Package Manager] Cannot connect to Unity Package Manager local server
Refreshing native plugins compatible for Editor in 7.80 ms, found 2 plugins.
[Package Manager] Failed to launch server process. Reason: Unity was launched with the -noUpm command-line argument
[Package Manager] Unable to send message (not connected to server process).
[Package Manager] Cannot connect to Unity Package Manager local server
ScheduleIndexationOnStartup MainProcess:False IndexOnStartup:True
Mono: successfully reloaded assembly
- Finished resetting the current domain, in  2.632 seconds
Domain Reload Profiling: 34723ms
	BeginReloadAssembly (357ms)
		DisableScriptedObjects (12ms)
		CreateAndSetChildDomain (59ms)
	RebuildCommonClasses (84ms)
	RebuildNativeTypeToScriptingClass (29ms)
	initialDomainReloadingComplete (21801ms)
	LoadAllAssembliesAndSetupDomain (9820ms)
		LoadAssemblies (8096ms)
		AnalyzeDomain (1910ms)
			TypeCache.Refresh (1635ms)
				TypeCache.ScanAssembly (1575ms)
			BuildScriptInfoCaches (243ms)
			ResolveRequiredComponents (26ms)
	FinalizeReload (2633ms)
		SetupLoadedEditorAssemblies (0ms)
			InitializePlatformSupportModulesInManaged (5ms)
			BeforeProcessingInitializeOnLoad (330ms)
			ProcessInitializeOnLoadAttributes (758ms)
			ProcessInitializeOnLoadMethodAttributes (1164ms)
			AfterProcessingInitializeOnLoad (15ms)
		AwakeInstancesAfterBackupRestoration (13ms)
Launched and connected shader compiler UnityShaderCompiler.exe after 0.07 seconds
Refreshing native plugins compatible for Editor in 8.30 ms, found 2 plugins.
Unloading 42 Unused Serialized files (Serialized files now loaded: 0)
Unloading 7330 unused Assets / (8.1 MB). Loaded Objects now: 8474.
Memory consumption went from 282.1 MB to 274.0 MB.
Total: 24.006400 ms (FindLiveObjects: 1.425000 ms CreateObjectMapping: 1.032500 ms MarkObjects: 16.096200 ms  DeleteObjects: 5.449900 ms)

========================================================================
Received Import Request.
  Time since last request: 4005132.051003 seconds.
  path: Assets/Scenes/60s70sSettings.lighting
  importAddress: Guid(3a8608b0bcad9e74584ed851f505a426) Importer(2089858483,b0f066a214c2f5e87bad3c948f4d605d)
Start importing Assets/Scenes/60s70sSettings.lighting using Guid(3a8608b0bcad9e74584ed851f505a426) Importer(2089858483,b0f066a214c2f5e87bad3c948f4d605d) (ScriptedImporter)LightingSettings: switching bake backend from 2 to 1.
 -> (Import Result ID: 'aaef5093f7b251fe63785efba4c655c3') in 1.9351488 seconds [static and dynamic dependencies]. Details - ImportResultOutputID=0101c09a0bb34843aec592cd97c03feb DependenciesID=927b6e870687d2da79b56f0938fda422 StaticDependenciesID=4ba755932680a5851e9e6c1092f277f7 
Number of updated asset objects reloaded before import = 0Number of asset objects unloaded after import = 1

========================================================================
Received Import Request.
  Time since last request: 181.215923 seconds.
  path: Assets/Scenes/60s70s/Lightmap-6_comp_light.exr
  importAddress: Guid(848124360b27ed64fbb5837d5f39d8a3) Importer(2089858483,b0f066a214c2f5e87bad3c948f4d605d)
Start importing Assets/Scenes/60s70s/Lightmap-6_comp_light.exr using Guid(848124360b27ed64fbb5837d5f39d8a3) Importer(2089858483,b0f066a214c2f5e87bad3c948f4d605d) (ScriptedImporter)d3d12: upload buffer was too small for the requested resource! Size: 16777216. Requested: 134217728.
 -> (Import Result ID: 'bcc1b4cb7e80a78e6870d60c5b90dacb') in 1.3479581 seconds [static and dynamic dependencies]. Details - ImportResultOutputID=2c08e4867308b02aa4d2c858c105c3d7 DependenciesID=63540e7233cc7a82345c6f1ee7d54bf5 StaticDependenciesID=b3292bf4c3b3b30d810b4f5b17a553c8 
Number of updated asset objects reloaded before import = 0Number of asset objects unloaded after import = 1

========================================================================
Received Import Request.
  Time since last request: 0.000050 seconds.
  path: Assets/Scenes/60s70s/Lightmap-2_comp_light.exr
  importAddress: Guid(161b5a1562514cc45a04b765661fc9ce) Importer(2089858483,b0f066a214c2f5e87bad3c948f4d605d)
Start importing Assets/Scenes/60s70s/Lightmap-2_comp_light.exr using Guid(161b5a1562514cc45a04b765661fc9ce) Importer(2089858483,b0f066a214c2f5e87bad3c948f4d605d) (ScriptedImporter) -> (Import Result ID: 'c7ca7e9fc37b6531d7533c5d0e49f4b5') in 0.5905468 seconds [static and dynamic dependencies]. Details - ImportResultOutputID=d753c5e7c9546463d446d9c31d958628 DependenciesID=53b82b8273f2b922b6c85c9595a0909b StaticDependenciesID=18f2d31bb810d2cec0fc0cfc9ce27c46 
Number of updated asset objects reloaded before import = 0Number of asset objects unloaded after import = 1

========================================================================
Received Import Request.
  Time since last request: 0.000038 seconds.
  path: Assets/Scenes/60s70s/Lightmap-26_comp_light.exr
  importAddress: Guid(1de0f3e61a65d1044a059b775ce0030c) Importer(2089858483,b0f066a214c2f5e87bad3c948f4d605d)
Start importing Assets/Scenes/60s70s/Lightmap-26_comp_light.exr using Guid(1de0f3e61a65d1044a059b775ce0030c) Importer(2089858483,b0f066a214c2f5e87bad3c948f4d605d) (ScriptedImporter) -> (Import Result ID: '63b76c1c234b65b82396055ffe18430a') in 0.3958983 seconds [static and dynamic dependencies]. Details - ImportResultOutputID=648dd5ecbb1d3ae4dcb875595c5d31b5 DependenciesID=5bdbdb1eb946cdc710400cfb7fb3e3b1 StaticDependenciesID=2df889aa184f60d6f9781c1d312550cf 
Number of updated asset objects reloaded before import = 0Number of asset objects unloaded after import = 1

========================================================================
Received Import Request.
  Time since last request: 0.000030 seconds.
  path: Assets/Scenes/60s70s/Lightmap-20_comp_light.exr
  importAddress: Guid(62c9504cad963ef42bee5c1ce1fc921b) Importer(2089858483,b0f066a214c2f5e87bad3c948f4d605d)
Start importing Assets/Scenes/60s70s/Lightmap-20_comp_light.exr using Guid(62c9504cad963ef42bee5c1ce1fc921b) Importer(2089858483,b0f066a214c2f5e87bad3c948f4d605d) (ScriptedImporter) -> (Import Result ID: '6081a3ac4fb1c6075068659601294f8b') in 0.3337586 seconds [static and dynamic dependencies]. Details - ImportResultOutputID=9dad1a3afe8945e0bca57e0d86190d72 DependenciesID=e86cb0a0a64eb336a7fa8d430a3fe8d4 StaticDependenciesID=466826f25fcec6100f00d24e2158e155 
Number of updated asset objects reloaded before import = 0Number of asset objects unloaded after import = 1

========================================================================
Received Import Request.
  Time since last request: 0.000044 seconds.
  path: Assets/Scenes/60s70s/Lightmap-29_comp_light.exr
  importAddress: Guid(ac787f9eba1bb3e40ab57ec992d22fc1) Importer(2089858483,b0f066a214c2f5e87bad3c948f4d605d)
Start importing Assets/Scenes/60s70s/Lightmap-29_comp_light.exr using Guid(ac787f9eba1bb3e40ab57ec992d22fc1) Importer(2089858483,b0f066a214c2f5e87bad3c948f4d605d) (ScriptedImporter) -> (Import Result ID: '76e21108f0a2b1994f08b1c3029c7569') in 0.5833494 seconds [static and dynamic dependencies]. Details - ImportResultOutputID=002549e9cef5730af3947ef24c1ed556 DependenciesID=541e55ba204d632872dad74e380d9d69 StaticDependenciesID=27a2cca147f3bcfa85409589b2cfa240 
Number of updated asset objects reloaded before import = 0Number of asset objects unloaded after import = 1

========================================================================
Received Import Request.
  Time since last request: 0.000040 seconds.
  path: Assets/Scenes/60s70s/Lightmap-10_comp_light.exr
  importAddress: Guid(316ce86927459fc4ebfed06dc4246ef8) Importer(2089858483,b0f066a214c2f5e87bad3c948f4d605d)
Start importing Assets/Scenes/60s70s/Lightmap-10_comp_light.exr using Guid(316ce86927459fc4ebfed06dc4246ef8) Importer(2089858483,b0f066a214c2f5e87bad3c948f4d605d) (ScriptedImporter) -> (Import Result ID: '4261680333e91f7558a2beff1e26339a') in 0.6693067 seconds [static and dynamic dependencies]. Details - ImportResultOutputID=110d615e6946185bfdd746c88dfdf815 DependenciesID=9a516acb4317b30b71db0e85c0c6173c StaticDependenciesID=50c5b21b8b806ea6f5814038ee267172 
Number of updated asset objects reloaded before import = 0Number of asset objects unloaded after import = 1

========================================================================
Received Import Request.
  Time since last request: 0.000046 seconds.
  path: Assets/Scenes/60s70s/Lightmap-4_comp_light.exr
  importAddress: Guid(26c32f2c4a414a342a649e9d27e01660) Importer(2089858483,b0f066a214c2f5e87bad3c948f4d605d)
Start importing Assets/Scenes/60s70s/Lightmap-4_comp_light.exr using Guid(26c32f2c4a414a342a649e9d27e01660) Importer(2089858483,b0f066a214c2f5e87bad3c948f4d605d) (ScriptedImporter) -> (Import Result ID: 'c9f501aacc0dc493e6993104f2bb6699') in 0.7947832 seconds [static and dynamic dependencies]. Details - ImportResultOutputID=07a46cea1e4879e636259e4a04c1158f DependenciesID=1acc417ee58d049caeba33d302743a32 StaticDependenciesID=a90cc2dea797b8061dbdaf24923eafd1 
Number of updated asset objects reloaded before import = 0Number of asset objects unloaded after import = 1

========================================================================
Received Import Request.
  Time since last request: 0.000038 seconds.
  path: Assets/Scenes/60s70s/Lightmap-19_comp_light.exr
  importAddress: Guid(153144858c40da74189a2ae7f1ec5877) Importer(2089858483,b0f066a214c2f5e87bad3c948f4d605d)
Start importing Assets/Scenes/60s70s/Lightmap-19_comp_light.exr using Guid(153144858c40da74189a2ae7f1ec5877) Importer(2089858483,b0f066a214c2f5e87bad3c948f4d605d) (ScriptedImporter) -> (Import Result ID: 'ba1f3edb76d0ba81e81a3da6fe70f88f') in 0.4823118 seconds [static and dynamic dependencies]. Details - ImportResultOutputID=f903e258b4cd48aa8a6beb4655e5d512 DependenciesID=0683ad5e498025a88680222573275bd7 StaticDependenciesID=7122840b337ea3d9e31af1d116075e23 
Number of updated asset objects reloaded before import = 0Number of asset objects unloaded after import = 1

========================================================================
Received Import Request.
  Time since last request: 0.000108 seconds.
  path: Assets/Scenes/60s70s/Lightmap-17_comp_light.exr
  importAddress: Guid(fa31509ff5b16a142a5876954ca07d36) Importer(2089858483,b0f066a214c2f5e87bad3c948f4d605d)
Start importing Assets/Scenes/60s70s/Lightmap-17_comp_light.exr using Guid(fa31509ff5b16a142a5876954ca07d36) Importer(2089858483,b0f066a214c2f5e87bad3c948f4d605d) (ScriptedImporter) -> (Import Result ID: '3e4fa3da172849526ed5368905062e53') in 0.4940592 seconds [static and dynamic dependencies]. Details - ImportResultOutputID=045917aeebae72e1e3fc6a250b254bf9 DependenciesID=bd253954bf849e37f8a881241d8fe7d0 StaticDependenciesID=e961cfae9b3d7aef014db3f2bba6423d 
Number of updated asset objects reloaded before import = 0Number of asset objects unloaded after import = 1

========================================================================
Received Import Request.
  Time since last request: 0.000040 seconds.
  path: Assets/Scenes/60s70s/Lightmap-30_comp_light.exr
  importAddress: Guid(61787d7383e9ca64580465864d1443e9) Importer(2089858483,b0f066a214c2f5e87bad3c948f4d605d)
Start importing Assets/Scenes/60s70s/Lightmap-30_comp_light.exr using Guid(61787d7383e9ca64580465864d1443e9) Importer(2089858483,b0f066a214c2f5e87bad3c948f4d605d) (ScriptedImporter) -> (Import Result ID: '44610246610e9acb0d309dbc21502e8c') in 0.6350399 seconds [static and dynamic dependencies]. Details - ImportResultOutputID=15a5cab550820690ec391edf5308cfcf DependenciesID=1b8a0ffe299696d933f3f81bbc7a4971 StaticDependenciesID=2d40c9318e1a9e42ef53c557c2437398 
Number of updated asset objects reloaded before import = 0Number of asset objects unloaded after import = 1

========================================================================
Received Import Request.
  Time since last request: 0.000039 seconds.
  path: Assets/Scenes/60s70s/Lightmap-22_comp_light.exr
  importAddress: Guid(e5db25136ecea5e48bd7775787c43284) Importer(2089858483,b0f066a214c2f5e87bad3c948f4d605d)
Start importing Assets/Scenes/60s70s/Lightmap-22_comp_light.exr using Guid(e5db25136ecea5e48bd7775787c43284) Importer(2089858483,b0f066a214c2f5e87bad3c948f4d605d) (ScriptedImporter) -> (Import Result ID: '4c4a1de8a649272d3dd416492141cf86') in 0.5050884 seconds [static and dynamic dependencies]. Details - ImportResultOutputID=f262ab5b6ee479ede1e73b1fa6ff1ca7 DependenciesID=d7cf74c0a221fcd99a6108b0f26352be StaticDependenciesID=46d1bc3423fb216fe51493f96dcef298 
Number of updated asset objects reloaded before import = 0Number of asset objects unloaded after import = 1

========================================================================
Received Import Request.
  Time since last request: 0.000034 seconds.
  path: Assets/Scenes/60s70s/Lightmap-15_comp_light.exr
  importAddress: Guid(e85e17f880f99594a8f72bc7cd5833c5) Importer(2089858483,b0f066a214c2f5e87bad3c948f4d605d)
Start importing Assets/Scenes/60s70s/Lightmap-15_comp_light.exr using Guid(e85e17f880f99594a8f72bc7cd5833c5) Importer(2089858483,b0f066a214c2f5e87bad3c948f4d605d) (ScriptedImporter) -> (Import Result ID: '4399c91b004e2628a71a9b4b9de35310') in 0.2761671 seconds [static and dynamic dependencies]. Details - ImportResultOutputID=96f59059f06d69cd6e7026e6930bcffb DependenciesID=d129ecba6cbf4d2434795e2185169fce StaticDependenciesID=84d2fe2dce23dfd13c8945c2b7a933f7 
Number of updated asset objects reloaded before import = 0Number of asset objects unloaded after import = 1

========================================================================
Received Import Request.
  Time since last request: 0.000037 seconds.
  path: Assets/Scenes/60s70s/Lightmap-24_comp_light.exr
  importAddress: Guid(fb79b1accafe29047932d0f793fa2700) Importer(2089858483,b0f066a214c2f5e87bad3c948f4d605d)
Start importing Assets/Scenes/60s70s/Lightmap-24_comp_light.exr using Guid(fb79b1accafe29047932d0f793fa2700) Importer(2089858483,b0f066a214c2f5e87bad3c948f4d605d) (ScriptedImporter) -> (Import Result ID: '27d5e6e25a67f3837d5de4566543d9f2') in 0.2397978 seconds [static and dynamic dependencies]. Details - ImportResultOutputID=bac24b9b407e24321859e1dcca7280bb DependenciesID=dc80b1094209247d07ba60f78509884d StaticDependenciesID=9e24e3356c1d32ee2108dcc5907779da 
Number of updated asset objects reloaded before import = 0Number of asset objects unloaded after import = 1

========================================================================
Received Import Request.
  Time since last request: 0.000044 seconds.
  path: Assets/Scenes/60s70s/Lightmap-1_comp_light.exr
  importAddress: Guid(494644a4bd8d28048bb1120237dd2e3a) Importer(2089858483,b0f066a214c2f5e87bad3c948f4d605d)
Start importing Assets/Scenes/60s70s/Lightmap-1_comp_light.exr using Guid(494644a4bd8d28048bb1120237dd2e3a) Importer(2089858483,b0f066a214c2f5e87bad3c948f4d605d) (ScriptedImporter) -> (Import Result ID: '27eea3d7c617b67ac2b53e951339215b') in 0.8804412 seconds [static and dynamic dependencies]. Details - ImportResultOutputID=f0038f2a2ef010c5e987a954a65909a8 DependenciesID=8fd2fe0e8904e72f27e52bbd1d8e7611 StaticDependenciesID=207ca3db6f13465d7e4fc7c1cb166bed 
Number of updated asset objects reloaded before import = 0Number of asset objects unloaded after import = 1

========================================================================
Received Import Request.
  Time since last request: 0.000037 seconds.
  path: Assets/Scenes/60s70s/Lightmap-5_comp_light.exr
  importAddress: Guid(a9efc607f05cec841b897237bb721de8) Importer(2089858483,b0f066a214c2f5e87bad3c948f4d605d)
Start importing Assets/Scenes/60s70s/Lightmap-5_comp_light.exr using Guid(a9efc607f05cec841b897237bb721de8) Importer(2089858483,b0f066a214c2f5e87bad3c948f4d605d) (ScriptedImporter) -> (Import Result ID: '02956b2893dfbc2e9bb5a8c6b8626f8f') in 0.6871592 seconds [static and dynamic dependencies]. Details - ImportResultOutputID=161b7711cab47fad4149ace414240be5 DependenciesID=d6c0bf82a9144036b36d0b6c593e1200 StaticDependenciesID=7fd409482156ba0526957285df55fd28 
Number of updated asset objects reloaded before import = 0Number of asset objects unloaded after import = 1

========================================================================
Received Import Request.
  Time since last request: 0.000029 seconds.
  path: Assets/Scenes/60s70s/Lightmap-27_comp_light.exr
  importAddress: Guid(d131aaed922d0ff40802ca741cbbe61a) Importer(2089858483,b0f066a214c2f5e87bad3c948f4d605d)
Start importing Assets/Scenes/60s70s/Lightmap-27_comp_light.exr using Guid(d131aaed922d0ff40802ca741cbbe61a) Importer(2089858483,b0f066a214c2f5e87bad3c948f4d605d) (ScriptedImporter) -> (Import Result ID: '56f281bbb20bb5cb7677f6e48536e9f8') in 0.2136341 seconds [static and dynamic dependencies]. Details - ImportResultOutputID=1fa6998d84c54d57b909a9f862d5132f DependenciesID=558283f8aa2da417bbfcddb61d7aac4a StaticDependenciesID=9034d298dab4889077d8db4ee7bf9c70 
Number of updated asset objects reloaded before import = 0Number of asset objects unloaded after import = 1

========================================================================
Received Import Request.
  Time since last request: 0.000052 seconds.
  path: Assets/Scenes/60s70s/Lightmap-11_comp_light.exr
  importAddress: Guid(83a7a579487fdbb41bfa95601e8f4fec) Importer(2089858483,b0f066a214c2f5e87bad3c948f4d605d)
Start importing Assets/Scenes/60s70s/Lightmap-11_comp_light.exr using Guid(83a7a579487fdbb41bfa95601e8f4fec) Importer(2089858483,b0f066a214c2f5e87bad3c948f4d605d) (ScriptedImporter) -> (Import Result ID: 'ba5954ec7c0100b74a9600ea8e5cf904') in 0.8393806 seconds [static and dynamic dependencies]. Details - ImportResultOutputID=8c933232848976a9f89e59f0963fe63b DependenciesID=7d3262b6bd0162bf5e8e88e40e4eb9af StaticDependenciesID=c97c0003081308159f7758d485a1e69f 
Number of updated asset objects reloaded before import = 0Number of asset objects unloaded after import = 1

========================================================================
Received Import Request.
  Time since last request: 0.000036 seconds.
  path: Assets/Scenes/60s70s/Lightmap-31_comp_light.exr
  importAddress: Guid(cefc49c58e6b8374199536cf171b5a74) Importer(2089858483,b0f066a214c2f5e87bad3c948f4d605d)
Start importing Assets/Scenes/60s70s/Lightmap-31_comp_light.exr using Guid(cefc49c58e6b8374199536cf171b5a74) Importer(2089858483,b0f066a214c2f5e87bad3c948f4d605d) (ScriptedImporter) -> (Import Result ID: '3331622e69e053807cc517ef1beb5713') in 0.2084474 seconds [static and dynamic dependencies]. Details - ImportResultOutputID=1ebf97520b6e2d36b182aded0bab6836 DependenciesID=c733b36848d5677586e368a72302ec7c StaticDependenciesID=52e1253c9901cf6f985023ac575e036a 
Number of updated asset objects reloaded before import = 0Number of asset objects unloaded after import = 1

Editor requested this worker to shutdown with reason: Scaling down because of idle timeout
AssetImportWorker is now disconnected from the server
Process exiting
Exiting without the bug reporter. Application will terminate with return code 0