[Licensing::Module] Trying to connect to existing licensing client channel...
Built from '6000.4/staging' branch; Version is '6000.4.0f1 (8cf496087c8f) revision 9237654'; Using compiler version '194234433'; Build Type 'Release'
OS: 'Windows 10  (10.0.19045) 64bit Enterprise' Language: 'en' Physical Memory: 32689 MB
BatchMode: 1, IsHumanControllingUs: 0, StartBugReporterOnCrash: 0, Is64bit: 1
[Licensing::IpcConnector] Successfully connected to: "LicenseClient-Boulder-VR" at "2026-06-04T02:08:40.2838266Z"
System  architecture: x64
Process architecture: x64
Date: 2026-06-04T02:08:40Z

COMMAND LINE ARGUMENTS:
C:\Program Files\Unity\Hub\Editor\6000.4.0f1\Editor\Unity.exe
-adb2
-batchMode
-noUpm
-name
AssetImportWorker3
-projectPath
C:/Users/Boulder-VR/Desktop/_cloud/GitHub/CinderellaCityProject_Unity6/CinderellaCitySimulation
-logFile
Logs/AssetImportWorker3.log
-srvPort
60048
-licensingIpc
LicenseClient-Boulder-VR
-force-d3d12
-job-worker-count
19
-background-job-worker-count
8
-gc-helper-count
1
-name
AssetImport
Successfully changed project path to: C:/Users/Boulder-VR/Desktop/_cloud/GitHub/CinderellaCityProject_Unity6/CinderellaCitySimulation
C:/Users/Boulder-VR/Desktop/_cloud/GitHub/CinderellaCityProject_Unity6/CinderellaCitySimulation
[UnityMemory] Configuration Parameters - Can be set up in boot.config
    "memorysetup-temp-allocator-size-gi-baking-worker=262144"
    "memorysetup-temp-allocator-size-gi-baking-worker=262144"
    "memorysetup-temp-allocator-size-gi-baking-worker=262144"
    "memorysetup-temp-allocator-size-gi-baking-worker=262144"
    "memorysetup-temp-allocator-size-gi-baking-worker=262144"
    "memorysetup-temp-allocator-size-nav-mesh-worker=65536"
    "memorysetup-temp-allocator-size-audio-worker=65536"
    "memorysetup-temp-allocator-size-cloud-worker=32768"
    "memorysetup-temp-allocator-size-gfx=262144"
    "memorysetup-temp-allocator-size-preload-manager=33554432"
    "memorysetup-temp-allocator-size-job-worker=262144"
    "memorysetup-temp-allocator-size-background-worker=32768"
    "memorysetup-allocator-temp-initial-block-size-main=262144"
    "memorysetup-allocator-temp-initial-block-size-worker=262144"
    "memorysetup-bucket-allocator-granularity=16"
    "memorysetup-bucket-allocator-bucket-count=8"
    "memorysetup-bucket-allocator-block-size=33554432"
    "memorysetup-bucket-allocator-block-count=8"
    "memorysetup-main-allocator-block-size=16777216"
    "memorysetup-thread-allocator-block-size=16777216"
    "memorysetup-gfx-main-allocator-block-size=16777216"
    "memorysetup-gfx-thread-allocator-block-size=16777216"
    "memorysetup-cache-allocator-block-size=4194304"
    "memorysetup-typetree-allocator-block-size=2097152"
    "memorysetup-profiler-bucket-allocator-granularity=16"
    "memorysetup-profiler-bucket-allocator-bucket-count=8"
    "memorysetup-profiler-bucket-allocator-block-size=33554432"
    "memorysetup-profiler-bucket-allocator-block-count=8"
    "memorysetup-profiler-allocator-block-size=16777216"
    "memorysetup-profiler-editor-allocator-block-size=1048576"
    "memorysetup-temp-allocator-size-main=16777216"
    "memorysetup-job-temp-allocator-block-size=2097152"
    "memorysetup-job-temp-allocator-block-size-background=1048576"
    "memorysetup-job-temp-allocator-reduction-small-platforms=262144"
Player connection [14080]  Target information:

Player connection [14080]  * "[IP] 192.168.1.217 [Port] 0 [Flags] 2 [Guid] 355861139 [EditorId] 355861139 [Version] 1048832 [Id] WindowsEditor(7,DESKTOP-UC90R3D) [Debug] 1 [PackageName] WindowsEditor [ProjectName] Editor" 

Player connection [14080] Host joined multi-casting on [225.0.0.222:54997]...
Player connection [14080] Host joined alternative multi-casting on [225.0.0.222:34997]...
JobSystem: Creating JobQueue using job-worker-count value 19
Input System module state changed to: Initialized.
[Physics::Module] Initialized fallback backend.
[Physics::Module] Id: 0xdecafbad
Library Redirect Path: Library/
[Physics::Module] Selected backend.
[Physics::Module] Name: PhysX
[Physics::Module] Id: 0xf2b8ea05
[Physics::Module] SDK Version: 4.1.2
[Physics::Module] Integration Version: 1.0.0
[Physics::Module] Threading Mode: Multi-Threaded
Refreshing native plugins compatible for Editor in 10.54 ms, found 2 plugins.
Initialize engine version: 6000.4.0f1 (8cf496087c8f)
[Subsystems] Discovering subsystems at path C:/Program Files/Unity/Hub/Editor/6000.4.0f1/Editor/Data/Resources/UnitySubsystems
[Subsystems] Discovering subsystems at path C:/Users/Boulder-VR/Desktop/_cloud/GitHub/CinderellaCityProject_Unity6/CinderellaCitySimulation/Assets
Forcing GfxDevice: Direct3D 12
GfxDevice: creating device client; kGfxThreadingModeNonThreaded
[Licensing::Client] Error: HandshakeResponse reported an error:
	ResponseCode: 505
	ResponseStatus: Unsupported protocol version '1.18.1'.
[Licensing::Module] Error: Failed to handshake to channel: "LicenseClient-Boulder-VR"
[Licensing::IpcConnector] LicenseClient-Boulder-VR channel disconnected successfully.
[Licensing::IpcConnector] Successfully connected to: "LicenseClient-Boulder-VR-6000.4.0" at "2026-06-04T02:08:43.2068661Z"
d3d12: failed to query info queue interface (0x80004002).
Direct3D:
    Version:         Direct3D 12 [level 12.1]
    Renderer:        NVIDIA GeForce GTX 1080 (ID=0x1b80)
    Vendor:          NVIDIA
    VRAM:            8059 MB
    App VRAM Budget: 7291 MB
    Driver:          32.0.15.6636
Initialize mono
Mono path[0] = 'C:/Program Files/Unity/Hub/Editor/6000.4.0f1/Editor/Data/Managed'
Mono path[1] = 'C:/Program Files/Unity/Hub/Editor/6000.4.0f1/Editor/Data/MonoBleedingEdge/lib/mono/unityjit-win32'
Mono config path = 'C:/Program Files/Unity/Hub/Editor/6000.4.0f1/Editor/Data/MonoBleedingEdge/etc'
Using monoOptions --debugger-agent=transport=dt_socket,embedding=1,server=y,suspend=n,address=127.0.0.1:56720
[Licensing::Client] Handshaking with LicensingClient:
  Version:                 1.18.1+9fbee8e
  Session Id:              936e9b3600c04ef7b1ab0ef0d39bf2f0
  Correlation Id:          91604656144424b752f53f8170a3eee9
  External correlation Id: 4204662355166014746
  Machine Id:              nzoQQWsMwFXkfPkeVZc+YYGv80A=
[Licensing::Module] Successfully connected to LicensingClient on channel: "LicenseClient-Boulder-VR-6000.4.0" (connect: 0.00s, validation: 0.00s, handshake: 4.43s)
[Licensing::IpcConnector] Successfully connected to: "LicenseClient-Boulder-VR-6000.4.0-notifications" at "2026-06-04T02:08:47.6428917Z"
[Licensing::Module] Licensing Background thread has ended after 7.36s
CodeReloadManager initialized
Begin MonoManager ReloadAssembly
Registering precompiled unity dll's ...
Register platform support module: C:/Program Files/Unity/Hub/Editor/6000.4.0f1/Editor/Data/PlaybackEngines/MacStandaloneSupport/UnityEditor.OSXStandalone.Extensions.dll
Register platform support module: C:/Program Files/Unity/Hub/Editor/6000.4.0f1/Editor/Data/PlaybackEngines/WindowsStandaloneSupport/UnityEditor.WindowsStandalone.Extensions.dll
Registered in 0.556129 seconds.
Native extension for WindowsStandalone target not found
Native extension for OSXStandalone target not found
Package Manager log level set to [2]
[Package Manager] Failed to launch server process. Reason: Unity was launched with the -noUpm command-line argument
[Package Manager] Unable to send message (not connected to server process).
[Package Manager] Cannot connect to Unity Package Manager local server
ScheduleIndexationOnStartup MainProcess:False IndexOnStartup:True
Mono: successfully reloaded assembly
- Finished resetting the current domain, in  1.245 seconds
Domain Reload Profiling: 6934ms
	BeginReloadAssembly (776ms)
		CreateAndSetChildDomain (7ms)
	RebuildCommonClasses (1114ms)
	RebuildNativeTypeToScriptingClass (28ms)
	initialDomainReloadingComplete (707ms)
	LoadAllAssembliesAndSetupDomain (3061ms)
		LoadAssemblies (778ms)
		AnalyzeDomain (3023ms)
			TypeCache.Refresh (3021ms)
				TypeCache.ScanAssembly (2268ms)
	FinalizeReload (1248ms)
		SetupLoadedEditorAssemblies (0ms)
			InitializePlatformSupportModulesInManaged (399ms)
			BeforeProcessingInitializeOnLoad (161ms)
			ProcessInitializeOnLoadAttributes (258ms)
			ProcessInitializeOnLoadMethodAttributes (241ms)
========================================================================
Worker process is ready to serve import requests
Import Worker Mode flag is 0x00
Begin MonoManager ReloadAssembly
[Licensing::Client] Successfully resolved entitlement details
[Licensing::Module] License group:
  Id: F4-J6YX-KHFT-CZRA-4X5Z-XXXX
  Product: Unity Personal
  Type: ULF
  Expiration: Unlimited
[Licensing::Module] License group:
  Id: 2473931900003-UnityPersXXXX
  Product: Unity Personal
  Type: Assigned
  Expiration: Unlimited
Assembly DocCodeExamples.dll at Library/ScriptAssemblies/DocCodeExamples.dll not valid. Loading of assembly skipped.
Assembly TestNewCustomAssembly.dll at Library/ScriptAssemblies/TestNewCustomAssembly.dll not valid. Loading of assembly skipped.
Assembly Unity.2D.Sprite.Package.EditorTests.dll at Library/ScriptAssemblies/Unity.2D.Sprite.Package.EditorTests.dll not valid. Loading of assembly skipped.
Assembly Unity.2D.Tilemap.Package.EditorTests.dll at Library/ScriptAssemblies/Unity.2D.Tilemap.Package.EditorTests.dll not valid. Loading of assembly skipped.
Assembly Unity.Analytics.DataPrivacy.Tests.dll at Library/ScriptAssemblies/Unity.Analytics.DataPrivacy.Tests.dll not valid. Loading of assembly skipped.
Assembly Unity.Analytics.StandardEvents.EditorTests.dll at Library/ScriptAssemblies/Unity.Analytics.StandardEvents.EditorTests.dll not valid. Loading of assembly skipped.
Assembly Unity.Collections.BurstCompatibilityGen.dll at Library/ScriptAssemblies/Unity.Collections.BurstCompatibilityGen.dll not valid. Loading of assembly skipped.
Assembly Unity.Collections.DocCodeSamples.dll at Library/ScriptAssemblies/Unity.Collections.DocCodeSamples.dll not valid. Loading of assembly skipped.
Assembly Unity.Collections.PerformanceTests.dll at Library/ScriptAssemblies/Unity.Collections.PerformanceTests.dll not valid. Loading of assembly skipped.
Assembly Unity.Collections.Tests.dll at Library/ScriptAssemblies/Unity.Collections.Tests.dll not valid. Loading of assembly skipped.
Assembly Unity.Collections.Tests.Playmode.dll at Library/ScriptAssemblies/Unity.Collections.Tests.Playmode.dll not valid. Loading of assembly skipped.
Assembly Unity.InputSystem.IntegrationTests.dll at Library/ScriptAssemblies/Unity.InputSystem.IntegrationTests.dll not valid. Loading of assembly skipped.
Assembly Unity.Mathematics.Tests.dll at Library/ScriptAssemblies/Unity.Mathematics.Tests.dll not valid. Loading of assembly skipped.
Assembly Unity.Multiplayer.Center.Editor.Tests.dll at Library/ScriptAssemblies/Unity.Multiplayer.Center.Editor.Tests.dll not valid. Loading of assembly skipped.
Assembly Unity.Multiplayer.Center.Tests.dll at Library/ScriptAssemblies/Unity.Multiplayer.Center.Tests.dll not valid. Loading of assembly skipped.
Assembly Unity.Nuget.Mono-Cecil.dll at Library/ScriptAssemblies/Unity.Nuget.Mono-Cecil.dll not valid. Loading of assembly skipped.
Assembly Unity.PathTracing.Editor.Tests.dll at Library/ScriptAssemblies/Unity.PathTracing.Editor.Tests.dll not valid. Loading of assembly skipped.
Assembly Unity.PathTracing.Runtime.Tests.dll at Library/ScriptAssemblies/Unity.PathTracing.Runtime.Tests.dll not valid. Loading of assembly skipped.
Assembly Unity.Postprocessing.Editor.Tests.dll at Library/ScriptAssemblies/Unity.Postprocessing.Editor.Tests.dll not valid. Loading of assembly skipped.
Assembly Unity.Postprocessing.Runtime.Tests.dll at Library/ScriptAssemblies/Unity.Postprocessing.Runtime.Tests.dll not valid. Loading of assembly skipped.
Assembly Unity.RenderPipelines.Core.Editor.Tests.dll at Library/ScriptAssemblies/Unity.RenderPipelines.Core.Editor.Tests.dll not valid. Loading of assembly skipped.
Assembly Unity.RenderPipelines.Core.Runtime.Tests.dll at Library/ScriptAssemblies/Unity.RenderPipelines.Core.Runtime.Tests.dll not valid. Loading of assembly skipped.
Assembly Unity.RenderPipelines.HighDefinition.Editor.Tests.dll at Library/ScriptAssemblies/Unity.RenderPipelines.HighDefinition.Editor.Tests.dll not valid. Loading of assembly skipped.
Assembly Unity.RenderPipelines.HighDefinition.Runtime.Tests.dll at Library/ScriptAssemblies/Unity.RenderPipelines.HighDefinition.Runtime.Tests.dll not valid. Loading of assembly skipped.
Assembly Unity.RenderPipelines.HighDefinitionConfig.Editor.Tests.dll at Library/ScriptAssemblies/Unity.RenderPipelines.HighDefinitionConfig.Editor.Tests.dll not valid. Loading of assembly skipped.
Assembly Unity.Searcher.EditorTests.dll at Library/ScriptAssemblies/Unity.Searcher.EditorTests.dll not valid. Loading of assembly skipped.
Assembly Unity.ShaderGraph.Editor.Tests.dll at Library/ScriptAssemblies/Unity.ShaderGraph.Editor.Tests.dll not valid. Loading of assembly skipped.
Assembly Unity.TextMeshPro.Editor.Tests.dll at Library/ScriptAssemblies/Unity.TextMeshPro.Editor.Tests.dll not valid. Loading of assembly skipped.
Assembly Unity.TextMeshPro.Tests.dll at Library/ScriptAssemblies/Unity.TextMeshPro.Tests.dll not valid. Loading of assembly skipped.
Assembly Unity.UnifiedRayTracing.Editor.Tests.dll at Library/ScriptAssemblies/Unity.UnifiedRayTracing.Editor.Tests.dll not valid. Loading of assembly skipped.
Assembly Unity.VisualEffectGraph.Editor.Tests.dll at Library/ScriptAssemblies/Unity.VisualEffectGraph.Editor.Tests.dll not valid. Loading of assembly skipped.
Assembly Unity.VisualEffectGraph.Runtime.Tests.dll at Library/ScriptAssemblies/Unity.VisualEffectGraph.Runtime.Tests.dll not valid. Loading of assembly skipped.
Assembly UnityEditor.UI.Common.Tests.dll at Library/ScriptAssemblies/UnityEditor.UI.Common.Tests.dll not valid. Loading of assembly skipped.
Assembly UnityEditor.UI.EditorTests.dll at Library/ScriptAssemblies/UnityEditor.UI.EditorTests.dll not valid. Loading of assembly skipped.
Assembly UnityEditor.XR.LegacyInputHelpers.Tests.dll at Library/ScriptAssemblies/UnityEditor.XR.LegacyInputHelpers.Tests.dll not valid. Loading of assembly skipped.
Assembly UnityEngine.Advertisements.Editor.Tests.dll at Library/ScriptAssemblies/UnityEngine.Advertisements.Editor.Tests.dll not valid. Loading of assembly skipped.
Assembly UnityEngine.Advertisements.Tests.dll at Library/ScriptAssemblies/UnityEngine.Advertisements.Tests.dll not valid. Loading of assembly skipped.
Assembly UnityEngine.Purchasing.Apple.dll at Library/ScriptAssemblies/UnityEngine.Purchasing.Apple.dll not valid. Loading of assembly skipped.
Assembly UnityEngine.Purchasing.AppleMacos.dll at Library/ScriptAssemblies/UnityEngine.Purchasing.AppleMacos.dll not valid. Loading of assembly skipped.
Assembly UnityEngine.Purchasing.Security.dll at Library/ScriptAssemblies/UnityEngine.Purchasing.Security.dll not valid. Loading of assembly skipped.
Assembly UnityEngine.Purchasing.WinRT.dll at Library/ScriptAssemblies/UnityEngine.Purchasing.WinRT.dll not valid. Loading of assembly skipped.
Assembly UnityEngine.SpatialTracking.Tests.dll at Library/ScriptAssemblies/UnityEngine.SpatialTracking.Tests.dll not valid. Loading of assembly skipped.
Assembly UnityEngine.UI.Tests.dll at Library/ScriptAssemblies/UnityEngine.UI.Tests.dll not valid. Loading of assembly skipped.
Symbol file LoadedFromMemory is not a mono symbol file
Refreshing native plugins compatible for Editor in 8.04 ms, found 2 plugins.
Native extension for WindowsStandalone target not found
Native extension for OSXStandalone target not found
[Package Manager] Failed to launch server process. Reason: Unity was launched with the -noUpm command-line argument
[Package Manager] Unable to send message (not connected to server process).
[Package Manager] Cannot connect to Unity Package Manager local server
Refreshing native plugins compatible for Editor in 7.55 ms, found 2 plugins.
[Package Manager] Failed to launch server process. Reason: Unity was launched with the -noUpm command-line argument
[Package Manager] Unable to send message (not connected to server process).
[Package Manager] Cannot connect to Unity Package Manager local server
ScheduleIndexationOnStartup MainProcess:False IndexOnStartup:True
Mono: successfully reloaded assembly
- Finished resetting the current domain, in  2.636 seconds
Domain Reload Profiling: 34725ms
	BeginReloadAssembly (347ms)
		DisableScriptedObjects (11ms)
		CreateAndSetChildDomain (56ms)
	RebuildCommonClasses (83ms)
	RebuildNativeTypeToScriptingClass (28ms)
	initialDomainReloadingComplete (21802ms)
	LoadAllAssembliesAndSetupDomain (9828ms)
		LoadAssemblies (8093ms)
		AnalyzeDomain (1918ms)
			TypeCache.Refresh (1651ms)
				TypeCache.ScanAssembly (1593ms)
			BuildScriptInfoCaches (235ms)
			ResolveRequiredComponents (25ms)
	FinalizeReload (2637ms)
		SetupLoadedEditorAssemblies (0ms)
			InitializePlatformSupportModulesInManaged (5ms)
			BeforeProcessingInitializeOnLoad (333ms)
			ProcessInitializeOnLoadAttributes (752ms)
			ProcessInitializeOnLoadMethodAttributes (1168ms)
			AfterProcessingInitializeOnLoad (15ms)
		AwakeInstancesAfterBackupRestoration (14ms)
Launched and connected shader compiler UnityShaderCompiler.exe after 0.07 seconds
Refreshing native plugins compatible for Editor in 8.51 ms, found 2 plugins.
Unloading 42 Unused Serialized files (Serialized files now loaded: 0)
Unloading 7330 unused Assets / (8.1 MB). Loaded Objects now: 8474.
Memory consumption went from 281.9 MB to 273.9 MB.
Total: 23.918900 ms (FindLiveObjects: 1.434300 ms CreateObjectMapping: 1.227000 ms MarkObjects: 15.889400 ms  DeleteObjects: 5.363800 ms)

========================================================================
Received Import Request.
  Time since last request: 4005329.150128 seconds.
  path: Assets/Scenes/60s70s/Lightmap-25_comp_light.exr
  importAddress: Guid(13cbccf7f506b4845b2fab5171ec1a57) Importer(2089858483,b0f066a214c2f5e87bad3c948f4d605d)
Start importing Assets/Scenes/60s70s/Lightmap-25_comp_light.exr using Guid(13cbccf7f506b4845b2fab5171ec1a57) Importer(2089858483,b0f066a214c2f5e87bad3c948f4d605d) (ScriptedImporter)d3d12: upload buffer was too small for the requested resource! Size: 16777216. Requested: 134217728.
 -> (Import Result ID: '4ecff9ab75006e1505be8363385cd797') in 3.3235666 seconds [static and dynamic dependencies]. Details - ImportResultOutputID=e51b7c72738ce78bcac018602ff67b13 DependenciesID=fcee5c21d2f476efa99f272b06210b1a StaticDependenciesID=5b40854d260659e180b7151a4e5d270f 
Number of updated asset objects reloaded before import = 0Number of asset objects unloaded after import = 1

========================================================================
Received Import Request.
  Time since last request: 0.000082 seconds.
  path: Assets/Scenes/60s70s/Lightmap-18_comp_light.exr
  importAddress: Guid(5f109029b7a55d342b918e0073d39821) Importer(2089858483,b0f066a214c2f5e87bad3c948f4d605d)
Start importing Assets/Scenes/60s70s/Lightmap-18_comp_light.exr using Guid(5f109029b7a55d342b918e0073d39821) Importer(2089858483,b0f066a214c2f5e87bad3c948f4d605d) (ScriptedImporter) -> (Import Result ID: '20a7421a3d53cac9ecf973306aad77a6') in 0.209549 seconds [static and dynamic dependencies]. Details - ImportResultOutputID=a006fb5c82a371e347d5aff97a1cfb19 DependenciesID=681a20dcde44ddf786944fce9596926d StaticDependenciesID=21e539081f9b4a0ffe603b6cd4023385 
Number of updated asset objects reloaded before import = 0Number of asset objects unloaded after import = 1

========================================================================
Received Import Request.
  Time since last request: 0.000047 seconds.
  path: Assets/Scenes/60s70s/Lightmap-16_comp_light.exr
  importAddress: Guid(d53f1d89743a96049a57cfbdf4b423a7) Importer(2089858483,b0f066a214c2f5e87bad3c948f4d605d)
Start importing Assets/Scenes/60s70s/Lightmap-16_comp_light.exr using Guid(d53f1d89743a96049a57cfbdf4b423a7) Importer(2089858483,b0f066a214c2f5e87bad3c948f4d605d) (ScriptedImporter) -> (Import Result ID: '467a20e9ea120eaba024f7476c099d4b') in 0.3181249 seconds [static and dynamic dependencies]. Details - ImportResultOutputID=1b2677eb9436c1561601f3e12763de4a DependenciesID=2fd38ad7abb4f9faee2d0c643c1fbc81 StaticDependenciesID=517a0da88c247cf636560132ca4a11d3 
Number of updated asset objects reloaded before import = 0Number of asset objects unloaded after import = 1

========================================================================
Received Import Request.
  Time since last request: 0.000039 seconds.
  path: Assets/Scenes/60s70s/Lightmap-14_comp_light.exr
  importAddress: Guid(5cf85f3f324b59c41ab99f3fbf701109) Importer(2089858483,b0f066a214c2f5e87bad3c948f4d605d)
Start importing Assets/Scenes/60s70s/Lightmap-14_comp_light.exr using Guid(5cf85f3f324b59c41ab99f3fbf701109) Importer(2089858483,b0f066a214c2f5e87bad3c948f4d605d) (ScriptedImporter) -> (Import Result ID: '463249cf76459755f336682835d83a17') in 0.7215592 seconds [static and dynamic dependencies]. Details - ImportResultOutputID=46d06f8a5f4684103a33e205750d270d DependenciesID=b699066a20303d85a84091379c575bf0 StaticDependenciesID=40f2be5390428a18a67148b9169d50fe 
Number of updated asset objects reloaded before import = 0Number of asset objects unloaded after import = 1

========================================================================
Received Import Request.
  Time since last request: 0.000036 seconds.
  path: Assets/Scenes/60s70s/Lightmap-8_comp_light.exr
  importAddress: Guid(b12ef27359bb22942a230d6e8232a745) Importer(2089858483,b0f066a214c2f5e87bad3c948f4d605d)
Start importing Assets/Scenes/60s70s/Lightmap-8_comp_light.exr using Guid(b12ef27359bb22942a230d6e8232a745) Importer(2089858483,b0f066a214c2f5e87bad3c948f4d605d) (ScriptedImporter) -> (Import Result ID: '84740977913df646d2388382807c2edf') in 0.5994146 seconds [static and dynamic dependencies]. Details - ImportResultOutputID=3ab6999edf0568b9b3b9ae6089020845 DependenciesID=bf9c188efc87844d9f95d9e4f980b9d6 StaticDependenciesID=231fc3d80eba6fcee79ec44b41a3a7e1 
Number of updated asset objects reloaded before import = 0Number of asset objects unloaded after import = 1

========================================================================
Received Import Request.
  Time since last request: 0.000029 seconds.
  path: Assets/Scenes/60s70s/Lightmap-32_comp_light.exr
  importAddress: Guid(02ae31fbe5236d642ad122e0d4910164) Importer(2089858483,b0f066a214c2f5e87bad3c948f4d605d)
Start importing Assets/Scenes/60s70s/Lightmap-32_comp_light.exr using Guid(02ae31fbe5236d642ad122e0d4910164) Importer(2089858483,b0f066a214c2f5e87bad3c948f4d605d) (ScriptedImporter) -> (Import Result ID: '3daa6f94ce7f2cfb9fda4881f6835c99') in 0.2586727 seconds [static and dynamic dependencies]. Details - ImportResultOutputID=261e746b4207069c5e1e6ed6ac3189e0 DependenciesID=d65b4beec158539bbb47508cc9559e7e StaticDependenciesID=396bb5d94b6fc1d89eda7c4b9eb4d099 
Number of updated asset objects reloaded before import = 0Number of asset objects unloaded after import = 1

========================================================================
Received Import Request.
  Time since last request: 0.000049 seconds.
  path: Assets/Scenes/60s70s/Lightmap-21_comp_light.exr
  importAddress: Guid(54ad500d4b1a0b746b1ea79c590075a3) Importer(2089858483,b0f066a214c2f5e87bad3c948f4d605d)
Start importing Assets/Scenes/60s70s/Lightmap-21_comp_light.exr using Guid(54ad500d4b1a0b746b1ea79c590075a3) Importer(2089858483,b0f066a214c2f5e87bad3c948f4d605d) (ScriptedImporter) -> (Import Result ID: '177f6159dda151d83db63a0fcf4bf571') in 0.2270204 seconds [static and dynamic dependencies]. Details - ImportResultOutputID=1d8768328a9662c57e3850d83813b3f9 DependenciesID=b388be5e8318397d40e62ff2ecaa7e08 StaticDependenciesID=99b6b76eef8f149e4a404d2868eb3878 
Number of updated asset objects reloaded before import = 0Number of asset objects unloaded after import = 1

========================================================================
Received Import Request.
  Time since last request: 0.000039 seconds.
  path: Assets/Scenes/60s70s/Lightmap-13_comp_light.exr
  importAddress: Guid(ed90f0404f1f8d04997329a0a66f53ea) Importer(2089858483,b0f066a214c2f5e87bad3c948f4d605d)
Start importing Assets/Scenes/60s70s/Lightmap-13_comp_light.exr using Guid(ed90f0404f1f8d04997329a0a66f53ea) Importer(2089858483,b0f066a214c2f5e87bad3c948f4d605d) (ScriptedImporter) -> (Import Result ID: '14a9bbee1a833965465e9081ba9b1829') in 0.556672 seconds [static and dynamic dependencies]. Details - ImportResultOutputID=09069c1664308445ed3db5025a071ca3 DependenciesID=e139d3e0019a57c3a2c53a2a0827b4af StaticDependenciesID=1634970d5cd2ac638a48607538a610c5 
Number of updated asset objects reloaded before import = 0Number of asset objects unloaded after import = 1

========================================================================
Received Import Request.
  Time since last request: 0.000045 seconds.
  path: Assets/Scenes/60s70s/Lightmap-3_comp_light.exr
  importAddress: Guid(84a54c89e15d5894ea542c13667d9ce2) Importer(2089858483,b0f066a214c2f5e87bad3c948f4d605d)
Start importing Assets/Scenes/60s70s/Lightmap-3_comp_light.exr using Guid(84a54c89e15d5894ea542c13667d9ce2) Importer(2089858483,b0f066a214c2f5e87bad3c948f4d605d) (ScriptedImporter) -> (Import Result ID: '5acb220c445d770b94feaca318eb8e76') in 0.6838123 seconds [static and dynamic dependencies]. Details - ImportResultOutputID=fda0a54df9dfc4f857723fed76dbb5e7 DependenciesID=f715f05247bf2306b2021bae301b3a8e StaticDependenciesID=b51db69006057eb7e385db60022bf0b2 
Number of updated asset objects reloaded before import = 0Number of asset objects unloaded after import = 1

========================================================================
Received Import Request.
  Time since last request: 0.000043 seconds.
  path: Assets/Scenes/60s70s/Lightmap-0_comp_light.exr
  importAddress: Guid(2042d7b417d953d4c94b50e993d2d7b7) Importer(2089858483,b0f066a214c2f5e87bad3c948f4d605d)
Start importing Assets/Scenes/60s70s/Lightmap-0_comp_light.exr using Guid(2042d7b417d953d4c94b50e993d2d7b7) Importer(2089858483,b0f066a214c2f5e87bad3c948f4d605d) (ScriptedImporter) -> (Import Result ID: '5b2c78be8db7a08097eae5a05be8de0a') in 0.5437733 seconds [static and dynamic dependencies]. Details - ImportResultOutputID=1c5cc1ae836256ef9e19a5799bdbf0af DependenciesID=722794958c62452f32b910d16ba6ba2b StaticDependenciesID=886be0347faee708b0664cd1b4386df8 
Number of updated asset objects reloaded before import = 0Number of asset objects unloaded after import = 1

========================================================================
Received Import Request.
  Time since last request: 0.000045 seconds.
  path: Assets/Scenes/60s70s/Lightmap-23_comp_light.exr
  importAddress: Guid(a69fd6479517d8e4785a47a1c9c9b0a5) Importer(2089858483,b0f066a214c2f5e87bad3c948f4d605d)
Start importing Assets/Scenes/60s70s/Lightmap-23_comp_light.exr using Guid(a69fd6479517d8e4785a47a1c9c9b0a5) Importer(2089858483,b0f066a214c2f5e87bad3c948f4d605d) (ScriptedImporter) -> (Import Result ID: '66115db32299135a1f1bb5692829d940') in 0.2239863 seconds [static and dynamic dependencies]. Details - ImportResultOutputID=838d59f3218a5c4f5936a65383f4d3bc DependenciesID=b2aa1389ebc3acc1fbbac1fd424d4b1a StaticDependenciesID=8b05f4b4c1ed2378785c2ae4a7e26fa6 
Number of updated asset objects reloaded before import = 0Number of asset objects unloaded after import = 1

========================================================================
Received Import Request.
  Time since last request: 0.000043 seconds.
  path: Assets/Scenes/60s70s/Lightmap-9_comp_light.exr
  importAddress: Guid(32d529c1b1eec27499b4c6b30df1688d) Importer(2089858483,b0f066a214c2f5e87bad3c948f4d605d)
Start importing Assets/Scenes/60s70s/Lightmap-9_comp_light.exr using Guid(32d529c1b1eec27499b4c6b30df1688d) Importer(2089858483,b0f066a214c2f5e87bad3c948f4d605d) (ScriptedImporter) -> (Import Result ID: 'c95d183d453d2e84af23015abf0f7952') in 0.8485467 seconds [static and dynamic dependencies]. Details - ImportResultOutputID=1c303827488d74672ac5b90296b1a273 DependenciesID=9f948f8e41a7938a62f7517da4278fc2 StaticDependenciesID=d4848ef7837bbcf039d8e32abd95ff7b 
Number of updated asset objects reloaded before import = 0Number of asset objects unloaded after import = 1

========================================================================
Received Import Request.
  Time since last request: 0.000045 seconds.
  path: Assets/Scenes/60s70s/Lightmap-28_comp_light.exr
  importAddress: Guid(8086f7ec550cb704c80cea0115b7b59c) Importer(2089858483,b0f066a214c2f5e87bad3c948f4d605d)
Start importing Assets/Scenes/60s70s/Lightmap-28_comp_light.exr using Guid(8086f7ec550cb704c80cea0115b7b59c) Importer(2089858483,b0f066a214c2f5e87bad3c948f4d605d) (ScriptedImporter) -> (Import Result ID: '48987992af3f2010e092894fa24cac0c') in 0.2438936 seconds [static and dynamic dependencies]. Details - ImportResultOutputID=a4864436a8dfa16dad458f5aea5621cb DependenciesID=84b02ff1f80e64f8733420abd0d196b2 StaticDependenciesID=67ff63812fdc2f6133429b9c98290f7f 
Number of updated asset objects reloaded before import = 0Number of asset objects unloaded after import = 1

========================================================================
Received Import Request.
  Time since last request: 0.000042 seconds.
  path: Assets/Scenes/60s70s/Lightmap-12_comp_light.exr
  importAddress: Guid(6ff51ff00e32e304b921f1caeca7b8a4) Importer(2089858483,b0f066a214c2f5e87bad3c948f4d605d)
Start importing Assets/Scenes/60s70s/Lightmap-12_comp_light.exr using Guid(6ff51ff00e32e304b921f1caeca7b8a4) Importer(2089858483,b0f066a214c2f5e87bad3c948f4d605d) (ScriptedImporter) -> (Import Result ID: '823909905cdfeeb9bb0613f75146d42e') in 0.5805767 seconds [static and dynamic dependencies]. Details - ImportResultOutputID=a2b6e01cf1c5ddde8282d3b1d6c4ae4b DependenciesID=f150ddfb4f279a92dd5bb5381fc9eb47 StaticDependenciesID=52b515261b4f7898aba03813f36bc6a3 
Number of updated asset objects reloaded before import = 0Number of asset objects unloaded after import = 1

========================================================================
Received Import Request.
  Time since last request: 0.000048 seconds.
  path: Assets/Scenes/60s70s/LightingData.asset
  importAddress: Guid(d8ddbbff87b35e94db8fb99d66f83b29) Importer(2089858483,b0f066a214c2f5e87bad3c948f4d605d)
Start importing Assets/Scenes/60s70s/LightingData.asset using Guid(d8ddbbff87b35e94db8fb99d66f83b29) Importer(2089858483,b0f066a214c2f5e87bad3c948f4d605d) (ScriptedImporter) -> (Import Result ID: '1f06d0241c0d8e296954156bdda8db4f') in 0.0440288 seconds [static and dynamic dependencies]. Details - ImportResultOutputID=695af0c891586cb40ea5c9214abfec67 DependenciesID=8a33a0a3f57990e619ecaf9d98b18076 StaticDependenciesID=35fc08fcfcf5bdb810ebbc40b988a4b0 
Number of updated asset objects reloaded before import = 0Number of asset objects unloaded after import = 2

========================================================================
Received Import Request.
  Time since last request: 0.000032 seconds.
  path: Assets/Scenes/60s70s/Lightmap-7_comp_light.exr
  importAddress: Guid(c1fa5244d5464794c8853af9ef4250bd) Importer(2089858483,b0f066a214c2f5e87bad3c948f4d605d)
Start importing Assets/Scenes/60s70s/Lightmap-7_comp_light.exr using Guid(c1fa5244d5464794c8853af9ef4250bd) Importer(2089858483,b0f066a214c2f5e87bad3c948f4d605d) (ScriptedImporter) -> (Import Result ID: 'faf10c1eccafe999ba58833186871acb') in 0.8373565 seconds [static and dynamic dependencies]. Details - ImportResultOutputID=f5041f49ecf88394f17bb327bd422fce DependenciesID=f6b3a7d4b5f7ae0eb8bad6df3537c2ac StaticDependenciesID=1c20b47e4a5456024a4921e266bdced5 
Number of updated asset objects reloaded before import = 0Number of asset objects unloaded after import = 1

Editor requested this worker to shutdown with reason: Scaling down because of idle timeout
AssetImportWorker is now disconnected from the server
Process exiting
Exiting without the bug reporter. Application will terminate with return code 0