
=== Tue Apr  2 20:21:41 2019

Packages were changed.
Update Mode: updateDependencies

The following packages were added:
  com.unity.collab-proxy@1.2.15
The following packages were updated:
  com.unity.analytics from version 2.0.16 to 3.2.2
  com.unity.package-manager-ui from version 1.9.11 to 2.0.7
  com.unity.textmeshpro from version 1.2.4 to 1.3.0

=== Mon Jun 10 12:33:50 2019

Packages were changed.
Update Mode: updateDependencies

The following packages were added:
  com.unity.timeline@1.0.0
  com.unity.multiplayer-hlapi@1.0.2
  com.unity.xr.legacyinputhelpers@2.0.2
The following packages were updated:
  com.unity.analytics from version 3.2.2 to 3.3.2
  com.unity.collab-proxy from version 1.2.15 to 1.2.16
  com.unity.package-manager-ui from version 2.0.7 to 2.1.2
  com.unity.purchasing from version 2.0.3 to 2.0.6
  com.unity.textmeshpro from version 1.3.0 to 2.0.1

=== Sat Mar 28 23:26:16 2026

Packages were changed.
Update Mode: updateDependencies

The following packages were added:
  com.unity.2d.sprite@1.0.0
  com.unity.2d.tilemap@1.0.0
  com.unity.ide.rider@3.0.39
  com.unity.ide.visualstudio@2.0.27
  com.unity.modules.adaptiveperformance@1.0.0
  com.unity.modules.androidjni@1.0.0
  com.unity.modules.vectorgraphics@1.0.0
  com.unity.test-framework@1.6.0
  com.unity.ugui@2.0.0
  com.unity.ai.navigation@2.0.11
  com.unity.modules.accessibility@1.0.0
  com.unity.multiplayer.center@1.0.1
The following packages were updated:
  com.unity.ads from version 2.0.8 to 4.16.4
  com.unity.analytics from version 3.3.2 to 3.8.2
  com.unity.collab-proxy from version 1.2.16 to 2.11.4
  com.unity.inputsystem from version 1.0.2 to 1.19.0
  com.unity.postprocessing from version 2.2.2 to 3.5.1
  com.unity.purchasing from version 2.0.6 to 4.14.2
  com.unity.timeline from version 1.0.0 to 1.8.11
  com.unity.xr.legacyinputhelpers from version 2.0.2 to 3.0.1
The following packages were removed:
  com.unity.multiplayer-hlapi@1.0.2
  com.unity.package-manager-ui@2.1.2
  com.unity.textmeshpro@2.0.1
  com.unity.xr.windowsmr.metro@1.0.12
